17:19:22:097  WARN 7720 --- [main] ory$DuplicateJsonObjectContextCustomizer : 

Found multiple occurrences of org.json.JSONObject on the class path:

	jar:file:/D:/Programming/Tools/apache-maven-3.6.1/mvn_repo/org/json/json/20220320/json-20220320.jar!/org/json/JSONObject.class
	jar:file:/D:/Programming/Tools/apache-maven-3.6.1/mvn_repo/com/vaadin/external/google/android-json/0.0.20131108.vaadin1/android-json-0.0.20131108.vaadin1.jar!/org/json/JSONObject.class

You may wish to exclude one of them to ensure predictable runtime behavior

17:19:22:110  INFO 7720 --- [main] xyz.douzhan.bank.demo1.ATest             : Starting ATest using Java 17.0.7 with PID 7720 (started by Chang in D:\Desktop\BANK-bankend\service)
17:19:22:110 DEBUG 7720 --- [main] xyz.douzhan.bank.demo1.ATest             : Running with Spring Boot v3.0.9, Spring v6.0.11
17:19:22:110  INFO 7720 --- [main] xyz.douzhan.bank.demo1.ATest             : The following 1 profile is active: "dev"
17:19:23:133  INFO 7720 --- [main] .s.d.r.c.RepositoryConfigurationDelegate : Multiple Spring Data modules found, entering strict repository configuration mode
17:19:23:133  INFO 7720 --- [main] .s.d.r.c.RepositoryConfigurationDelegate : Bootstrapping Spring Data Redis repositories in DEFAULT mode.
17:19:23:180  INFO 7720 --- [main] .s.d.r.c.RepositoryConfigurationDelegate : Finished Spring Data repository scanning in 17 ms. Found 0 Redis repository interfaces.
17:19:23:258  WARN 7720 --- [main] o.m.s.mapper.ClassPathMapperScanner      : No MyBatis mapper was found in '[xyz.douzhan.bank]' package. Please check your configuration.
17:19:24:759  INFO 7720 --- [main] o.s.b.a.e.web.EndpointLinksResolver      : Exposing 15 endpoint(s) beneath base path '/actuator'
17:19:24:978  INFO 7720 --- [main] o.s.s.web.DefaultSecurityFilterChain     : Will secure any request with [org.springframework.security.web.session.DisableEncodeUrlFilter@5c2a3f0c, org.springframework.security.web.context.request.async.WebAsyncManagerIntegrationFilter@6585df70, org.springframework.security.web.context.SecurityContextHolderFilter@33f2eb04, org.springframework.security.web.header.HeaderWriterFilter@55e5415d, org.springframework.security.web.authentication.logout.LogoutFilter@388e4c25, xyz.douzhan.bank.security.filter.JWTAuthenticationFilter@5d93ff21, xyz.douzhan.bank.security.filter.SMSCodeLoginFilter@51fb5fe6, xyz.douzhan.bank.security.filter.UsernamePasswordLoginFilter@5ca4c88a, org.springframework.security.web.savedrequest.RequestCacheAwareFilter@2ed7978c, org.springframework.security.web.servletapi.SecurityContextHolderAwareRequestFilter@424a152f, org.springframework.security.web.authentication.AnonymousAuthenticationFilter@1791e231, org.springframework.security.web.session.SessionManagementFilter@52d59507, org.springframework.security.web.access.ExceptionTranslationFilter@c0004b7, org.springframework.security.web.access.intercept.AuthorizationFilter@4b7e4d14]
17:19:24:978  WARN 7720 --- [main] o.s.s.c.a.web.builders.WebSecurity       : You are asking Spring Security to ignore Ant [pattern='/static/**']. This is not recommended -- please use permitAll via HttpSecurity#authorizeHttpRequests instead.
17:19:24:978  INFO 7720 --- [main] o.s.s.web.DefaultSecurityFilterChain     : Will not secure Ant [pattern='/static/**']
17:19:26:775  INFO 7720 --- [main] xyz.douzhan.bank.demo1.ATest             : Started ATest in 4.966 seconds (process running for 5.816)
17:20:57:983  WARN 17540 --- [main] ory$DuplicateJsonObjectContextCustomizer : 

Found multiple occurrences of org.json.JSONObject on the class path:

	jar:file:/D:/Programming/Tools/apache-maven-3.6.1/mvn_repo/org/json/json/20220320/json-20220320.jar!/org/json/JSONObject.class
	jar:file:/D:/Programming/Tools/apache-maven-3.6.1/mvn_repo/com/vaadin/external/google/android-json/0.0.20131108.vaadin1/android-json-0.0.20131108.vaadin1.jar!/org/json/JSONObject.class

You may wish to exclude one of them to ensure predictable runtime behavior

17:20:57:997  INFO 17540 --- [main] xyz.douzhan.bank.demo1.ATest             : Starting ATest using Java 17.0.7 with PID 17540 (started by Chang in D:\Desktop\BANK-bankend\service)
17:20:57:997 DEBUG 17540 --- [main] xyz.douzhan.bank.demo1.ATest             : Running with Spring Boot v3.0.9, Spring v6.0.11
17:20:57:998  INFO 17540 --- [main] xyz.douzhan.bank.demo1.ATest             : The following 1 profile is active: "dev"
17:20:58:998  INFO 17540 --- [main] .s.d.r.c.RepositoryConfigurationDelegate : Multiple Spring Data modules found, entering strict repository configuration mode
17:20:59:000  INFO 17540 --- [main] .s.d.r.c.RepositoryConfigurationDelegate : Bootstrapping Spring Data Redis repositories in DEFAULT mode.
17:20:59:021  INFO 17540 --- [main] .s.d.r.c.RepositoryConfigurationDelegate : Finished Spring Data repository scanning in 10 ms. Found 0 Redis repository interfaces.
17:20:59:095  WARN 17540 --- [main] o.m.s.mapper.ClassPathMapperScanner      : No MyBatis mapper was found in '[xyz.douzhan.bank]' package. Please check your configuration.
17:21:00:639  INFO 17540 --- [main] o.s.b.a.e.web.EndpointLinksResolver      : Exposing 15 endpoint(s) beneath base path '/actuator'
17:21:00:914  INFO 17540 --- [main] o.s.s.web.DefaultSecurityFilterChain     : Will secure any request with [org.springframework.security.web.session.DisableEncodeUrlFilter@6585df70, org.springframework.security.web.context.request.async.WebAsyncManagerIntegrationFilter@5d93ff21, org.springframework.security.web.context.SecurityContextHolderFilter@4df13dd0, org.springframework.security.web.header.HeaderWriterFilter@b8142f4, org.springframework.security.web.authentication.logout.LogoutFilter@12532e37, xyz.douzhan.bank.security.filter.JWTAuthenticationFilter@51fb5fe6, xyz.douzhan.bank.security.filter.SMSCodeLoginFilter@5ca4c88a, xyz.douzhan.bank.security.filter.UsernamePasswordLoginFilter@1791e231, org.springframework.security.web.savedrequest.RequestCacheAwareFilter@30665461, org.springframework.security.web.servletapi.SecurityContextHolderAwareRequestFilter@408d945b, org.springframework.security.web.authentication.AnonymousAuthenticationFilter@55397d15, org.springframework.security.web.session.SessionManagementFilter@4d75c604, org.springframework.security.web.access.ExceptionTranslationFilter@63880be9, org.springframework.security.web.access.intercept.AuthorizationFilter@70f91ae3]
17:21:00:917  WARN 17540 --- [main] o.s.s.c.a.web.builders.WebSecurity       : You are asking Spring Security to ignore Ant [pattern='/static/**']. This is not recommended -- please use permitAll via HttpSecurity#authorizeHttpRequests instead.
17:21:00:917  INFO 17540 --- [main] o.s.s.web.DefaultSecurityFilterChain     : Will not secure Ant [pattern='/static/**']
17:21:02:659  INFO 17540 --- [main] xyz.douzhan.bank.demo1.ATest             : Started ATest in 4.926 seconds (process running for 5.575)
17:24:03:740  WARN 20180 --- [main] ory$DuplicateJsonObjectContextCustomizer : 

Found multiple occurrences of org.json.JSONObject on the class path:

	jar:file:/D:/Programming/Tools/apache-maven-3.6.1/mvn_repo/org/json/json/20220320/json-20220320.jar!/org/json/JSONObject.class
	jar:file:/D:/Programming/Tools/apache-maven-3.6.1/mvn_repo/com/vaadin/external/google/android-json/0.0.20131108.vaadin1/android-json-0.0.20131108.vaadin1.jar!/org/json/JSONObject.class

You may wish to exclude one of them to ensure predictable runtime behavior

17:24:03:754  INFO 20180 --- [main] xyz.douzhan.bank.demo1.ATest             : Starting ATest using Java 17.0.7 with PID 20180 (started by Chang in D:\Desktop\BANK-bankend\service)
17:24:03:755 DEBUG 20180 --- [main] xyz.douzhan.bank.demo1.ATest             : Running with Spring Boot v3.0.9, Spring v6.0.11
17:24:03:755  INFO 20180 --- [main] xyz.douzhan.bank.demo1.ATest             : The following 1 profile is active: "dev"
17:24:04:757  INFO 20180 --- [main] .s.d.r.c.RepositoryConfigurationDelegate : Multiple Spring Data modules found, entering strict repository configuration mode
17:24:04:759  INFO 20180 --- [main] .s.d.r.c.RepositoryConfigurationDelegate : Bootstrapping Spring Data Redis repositories in DEFAULT mode.
17:24:04:783  INFO 20180 --- [main] .s.d.r.c.RepositoryConfigurationDelegate : Finished Spring Data repository scanning in 14 ms. Found 0 Redis repository interfaces.
17:24:04:854  WARN 20180 --- [main] o.m.s.mapper.ClassPathMapperScanner      : No MyBatis mapper was found in '[xyz.douzhan.bank]' package. Please check your configuration.
17:24:06:394  INFO 20180 --- [main] o.s.b.a.e.web.EndpointLinksResolver      : Exposing 15 endpoint(s) beneath base path '/actuator'
17:24:06:653  INFO 20180 --- [main] o.s.s.web.DefaultSecurityFilterChain     : Will secure any request with [org.springframework.security.web.session.DisableEncodeUrlFilter@55e5415d, org.springframework.security.web.context.request.async.WebAsyncManagerIntegrationFilter@b8142f4, org.springframework.security.web.context.SecurityContextHolderFilter@64d93096, org.springframework.security.web.header.HeaderWriterFilter@521c67f0, org.springframework.security.web.authentication.logout.LogoutFilter@1e000a17, xyz.douzhan.bank.security.filter.JWTAuthenticationFilter@52d59507, xyz.douzhan.bank.security.filter.SMSCodeLoginFilter@4d75c604, xyz.douzhan.bank.security.filter.UsernamePasswordLoginFilter@3265995e, org.springframework.security.web.savedrequest.RequestCacheAwareFilter@51df2a41, org.springframework.security.web.servletapi.SecurityContextHolderAwareRequestFilter@49f50c8f, org.springframework.security.web.authentication.AnonymousAuthenticationFilter@33f2eb04, org.springframework.security.web.session.SessionManagementFilter@451af781, org.springframework.security.web.access.ExceptionTranslationFilter@6fcc0a1, org.springframework.security.web.access.intercept.AuthorizationFilter@662713b6]
17:24:06:667  WARN 20180 --- [main] o.s.s.c.a.web.builders.WebSecurity       : You are asking Spring Security to ignore Ant [pattern='/static/**']. This is not recommended -- please use permitAll via HttpSecurity#authorizeHttpRequests instead.
17:24:06:667  INFO 20180 --- [main] o.s.s.web.DefaultSecurityFilterChain     : Will not secure Ant [pattern='/static/**']
17:24:08:478  INFO 20180 --- [main] xyz.douzhan.bank.demo1.ATest             : Started ATest in 4.987 seconds (process running for 5.738)
20:04:56:697  WARN 18492 --- [main] ory$DuplicateJsonObjectContextCustomizer : 

Found multiple occurrences of org.json.JSONObject on the class path:

	jar:file:/D:/Programming/Tools/apache-maven-3.6.1/mvn_repo/org/json/json/20220320/json-20220320.jar!/org/json/JSONObject.class
	jar:file:/D:/Programming/Tools/apache-maven-3.6.1/mvn_repo/com/vaadin/external/google/android-json/0.0.20131108.vaadin1/android-json-0.0.20131108.vaadin1.jar!/org/json/JSONObject.class

You may wish to exclude one of them to ensure predictable runtime behavior

20:04:56:716  INFO 18492 --- [main] xyz.douzhan.bank.demo1.ATest             : Starting ATest using Java 17.0.7 with PID 18492 (started by Chang in D:\Desktop\BANK-bankend\service)
20:04:56:716 DEBUG 18492 --- [main] xyz.douzhan.bank.demo1.ATest             : Running with Spring Boot v3.0.9, Spring v6.0.11
20:04:56:716  INFO 18492 --- [main] xyz.douzhan.bank.demo1.ATest             : The following 1 profile is active: "dev"
20:04:57:858  INFO 18492 --- [main] .s.d.r.c.RepositoryConfigurationDelegate : Multiple Spring Data modules found, entering strict repository configuration mode
20:04:57:862  INFO 18492 --- [main] .s.d.r.c.RepositoryConfigurationDelegate : Bootstrapping Spring Data Redis repositories in DEFAULT mode.
20:04:57:896  INFO 18492 --- [main] .s.d.r.c.RepositoryConfigurationDelegate : Finished Spring Data repository scanning in 14 ms. Found 0 Redis repository interfaces.
20:04:57:969  WARN 18492 --- [main] o.m.s.mapper.ClassPathMapperScanner      : No MyBatis mapper was found in '[xyz.douzhan.bank]' package. Please check your configuration.
20:04:59:491  INFO 18492 --- [main] o.s.b.a.e.web.EndpointLinksResolver      : Exposing 15 endpoint(s) beneath base path '/actuator'
20:04:59:756  INFO 18492 --- [main] o.s.s.web.DefaultSecurityFilterChain     : Will secure any request with [org.springframework.security.web.session.DisableEncodeUrlFilter@5ca4c88a, org.springframework.security.web.context.request.async.WebAsyncManagerIntegrationFilter@1791e231, org.springframework.security.web.context.SecurityContextHolderFilter@146833a2, org.springframework.security.web.header.HeaderWriterFilter@3265995e, org.springframework.security.web.authentication.logout.LogoutFilter@41b66d1, xyz.douzhan.bank.security.filter.JWTAuthenticationFilter@55397d15, xyz.douzhan.bank.security.filter.SMSCodeLoginFilter@5e360c3b, xyz.douzhan.bank.security.filter.UsernamePasswordLoginFilter@24ac6fef, org.springframework.security.web.savedrequest.RequestCacheAwareFilter@424a152f, org.springframework.security.web.servletapi.SecurityContextHolderAwareRequestFilter@4bb9f7d4, org.springframework.security.web.authentication.AnonymousAuthenticationFilter@3cb49121, org.springframework.security.web.session.SessionManagementFilter@4df13dd0, org.springframework.security.web.access.ExceptionTranslationFilter@662713b6, org.springframework.security.web.access.intercept.AuthorizationFilter@6585df70]
20:04:59:759  WARN 18492 --- [main] o.s.s.c.a.web.builders.WebSecurity       : You are asking Spring Security to ignore Ant [pattern='/static/**']. This is not recommended -- please use permitAll via HttpSecurity#authorizeHttpRequests instead.
20:04:59:759  INFO 18492 --- [main] o.s.s.web.DefaultSecurityFilterChain     : Will not secure Ant [pattern='/static/**']
20:05:01:780  INFO 18492 --- [main] xyz.douzhan.bank.demo1.ATest             : Started ATest in 5.39 seconds (process running for 6.181)
20:05:39:828  WARN 15308 --- [main] ory$DuplicateJsonObjectContextCustomizer : 

Found multiple occurrences of org.json.JSONObject on the class path:

	jar:file:/D:/Programming/Tools/apache-maven-3.6.1/mvn_repo/org/json/json/20220320/json-20220320.jar!/org/json/JSONObject.class
	jar:file:/D:/Programming/Tools/apache-maven-3.6.1/mvn_repo/com/vaadin/external/google/android-json/0.0.20131108.vaadin1/android-json-0.0.20131108.vaadin1.jar!/org/json/JSONObject.class

You may wish to exclude one of them to ensure predictable runtime behavior

20:05:39:841  INFO 15308 --- [main] xyz.douzhan.bank.demo1.ATest             : Starting ATest using Java 17.0.7 with PID 15308 (started by Chang in D:\Desktop\BANK-bankend\service)
20:05:39:842 DEBUG 15308 --- [main] xyz.douzhan.bank.demo1.ATest             : Running with Spring Boot v3.0.9, Spring v6.0.11
20:05:39:842  INFO 15308 --- [main] xyz.douzhan.bank.demo1.ATest             : The following 1 profile is active: "dev"
20:05:40:864  INFO 15308 --- [main] .s.d.r.c.RepositoryConfigurationDelegate : Multiple Spring Data modules found, entering strict repository configuration mode
20:05:40:867  INFO 15308 --- [main] .s.d.r.c.RepositoryConfigurationDelegate : Bootstrapping Spring Data Redis repositories in DEFAULT mode.
20:05:40:911  INFO 15308 --- [main] .s.d.r.c.RepositoryConfigurationDelegate : Finished Spring Data repository scanning in 17 ms. Found 0 Redis repository interfaces.
20:05:40:983  WARN 15308 --- [main] o.m.s.mapper.ClassPathMapperScanner      : No MyBatis mapper was found in '[xyz.douzhan.bank]' package. Please check your configuration.
20:05:42:652  INFO 15308 --- [main] o.s.b.a.e.web.EndpointLinksResolver      : Exposing 15 endpoint(s) beneath base path '/actuator'
20:05:42:895  INFO 15308 --- [main] o.s.s.web.DefaultSecurityFilterChain     : Will secure any request with [org.springframework.security.web.session.DisableEncodeUrlFilter@408d945b, org.springframework.security.web.context.request.async.WebAsyncManagerIntegrationFilter@15ad5acb, org.springframework.security.web.context.SecurityContextHolderFilter@4f82248f, org.springframework.security.web.header.HeaderWriterFilter@46e6458d, org.springframework.security.web.authentication.logout.LogoutFilter@3c4ad54, xyz.douzhan.bank.security.filter.JWTAuthenticationFilter@59c862af, xyz.douzhan.bank.security.filter.SMSCodeLoginFilter@4bb9f7d4, xyz.douzhan.bank.security.filter.UsernamePasswordLoginFilter@673a9db4, org.springframework.security.web.savedrequest.RequestCacheAwareFilter@29bd056a, org.springframework.security.web.servletapi.SecurityContextHolderAwareRequestFilter@1dc9f5ad, org.springframework.security.web.authentication.AnonymousAuthenticationFilter@183ef89a, org.springframework.security.web.session.SessionManagementFilter@65d6640, org.springframework.security.web.access.ExceptionTranslationFilter@64d93096, org.springframework.security.web.access.intercept.AuthorizationFilter@146833a2]
20:05:42:906  WARN 15308 --- [main] o.s.s.c.a.web.builders.WebSecurity       : You are asking Spring Security to ignore Ant [pattern='/static/**']. This is not recommended -- please use permitAll via HttpSecurity#authorizeHttpRequests instead.
20:05:42:907  INFO 15308 --- [main] o.s.s.web.DefaultSecurityFilterChain     : Will not secure Ant [pattern='/static/**']
20:05:44:647  INFO 15308 --- [main] xyz.douzhan.bank.demo1.ATest             : Started ATest in 5.065 seconds (process running for 5.712)
20:08:26:202  WARN 11404 --- [main] ory$DuplicateJsonObjectContextCustomizer : 

Found multiple occurrences of org.json.JSONObject on the class path:

	jar:file:/D:/Programming/Tools/apache-maven-3.6.1/mvn_repo/org/json/json/20220320/json-20220320.jar!/org/json/JSONObject.class
	jar:file:/D:/Programming/Tools/apache-maven-3.6.1/mvn_repo/com/vaadin/external/google/android-json/0.0.20131108.vaadin1/android-json-0.0.20131108.vaadin1.jar!/org/json/JSONObject.class

You may wish to exclude one of them to ensure predictable runtime behavior

20:08:26:215  INFO 11404 --- [main] xyz.douzhan.bank.demo1.ATest             : Starting ATest using Java 17.0.7 with PID 11404 (started by Chang in D:\Desktop\BANK-bankend\service)
20:08:26:215 DEBUG 11404 --- [main] xyz.douzhan.bank.demo1.ATest             : Running with Spring Boot v3.0.9, Spring v6.0.11
20:08:26:215  INFO 11404 --- [main] xyz.douzhan.bank.demo1.ATest             : The following 1 profile is active: "dev"
20:08:27:123  INFO 11404 --- [main] .s.d.r.c.RepositoryConfigurationDelegate : Multiple Spring Data modules found, entering strict repository configuration mode
20:08:27:124  INFO 11404 --- [main] .s.d.r.c.RepositoryConfigurationDelegate : Bootstrapping Spring Data Redis repositories in DEFAULT mode.
20:08:27:148  INFO 11404 --- [main] .s.d.r.c.RepositoryConfigurationDelegate : Finished Spring Data repository scanning in 13 ms. Found 0 Redis repository interfaces.
20:08:27:232  WARN 11404 --- [main] o.m.s.mapper.ClassPathMapperScanner      : No MyBatis mapper was found in '[xyz.douzhan.bank]' package. Please check your configuration.
20:08:28:701  INFO 11404 --- [main] o.s.b.a.e.web.EndpointLinksResolver      : Exposing 15 endpoint(s) beneath base path '/actuator'
20:08:28:967  INFO 11404 --- [main] o.s.s.web.DefaultSecurityFilterChain     : Will secure any request with [org.springframework.security.web.session.DisableEncodeUrlFilter@63880be9, org.springframework.security.web.context.request.async.WebAsyncManagerIntegrationFilter@27053257, org.springframework.security.web.context.SecurityContextHolderFilter@54f25b42, org.springframework.security.web.header.HeaderWriterFilter@416b681c, org.springframework.security.web.authentication.logout.LogoutFilter@4a2d66e, xyz.douzhan.bank.security.filter.JWTAuthenticationFilter@6a0e97fc, xyz.douzhan.bank.security.filter.SMSCodeLoginFilter@662713b6, xyz.douzhan.bank.security.filter.UsernamePasswordLoginFilter@45539bd8, org.springframework.security.web.savedrequest.RequestCacheAwareFilter@7d156f8f, org.springframework.security.web.servletapi.SecurityContextHolderAwareRequestFilter@64d93096, org.springframework.security.web.authentication.AnonymousAuthenticationFilter@4bca8eaf, org.springframework.security.web.session.SessionManagementFilter@5c9b5e62, org.springframework.security.web.access.ExceptionTranslationFilter@3df3410a, org.springframework.security.web.access.intercept.AuthorizationFilter@27ec74a3]
20:08:28:981  WARN 11404 --- [main] o.s.s.c.a.web.builders.WebSecurity       : You are asking Spring Security to ignore Ant [pattern='/static/**']. This is not recommended -- please use permitAll via HttpSecurity#authorizeHttpRequests instead.
20:08:28:982  INFO 11404 --- [main] o.s.s.web.DefaultSecurityFilterChain     : Will not secure Ant [pattern='/static/**']
20:08:30:937  INFO 11404 --- [main] xyz.douzhan.bank.demo1.ATest             : Started ATest in 4.987 seconds (process running for 5.635)
20:10:37:455  WARN 16756 --- [main] ory$DuplicateJsonObjectContextCustomizer : 

Found multiple occurrences of org.json.JSONObject on the class path:

	jar:file:/D:/Programming/Tools/apache-maven-3.6.1/mvn_repo/org/json/json/20220320/json-20220320.jar!/org/json/JSONObject.class
	jar:file:/D:/Programming/Tools/apache-maven-3.6.1/mvn_repo/com/vaadin/external/google/android-json/0.0.20131108.vaadin1/android-json-0.0.20131108.vaadin1.jar!/org/json/JSONObject.class

You may wish to exclude one of them to ensure predictable runtime behavior

20:10:37:468  INFO 16756 --- [main] xyz.douzhan.bank.demo1.ATest             : Starting ATest using Java 17.0.7 with PID 16756 (started by Chang in D:\Desktop\BANK-bankend\service)
20:10:37:468 DEBUG 16756 --- [main] xyz.douzhan.bank.demo1.ATest             : Running with Spring Boot v3.0.9, Spring v6.0.11
20:10:37:470  INFO 16756 --- [main] xyz.douzhan.bank.demo1.ATest             : The following 1 profile is active: "dev"
20:10:38:439  INFO 16756 --- [main] .s.d.r.c.RepositoryConfigurationDelegate : Multiple Spring Data modules found, entering strict repository configuration mode
20:10:38:441  INFO 16756 --- [main] .s.d.r.c.RepositoryConfigurationDelegate : Bootstrapping Spring Data Redis repositories in DEFAULT mode.
20:10:38:467  INFO 16756 --- [main] .s.d.r.c.RepositoryConfigurationDelegate : Finished Spring Data repository scanning in 13 ms. Found 0 Redis repository interfaces.
20:10:38:544  WARN 16756 --- [main] o.m.s.mapper.ClassPathMapperScanner      : No MyBatis mapper was found in '[xyz.douzhan.bank]' package. Please check your configuration.
20:10:40:286  INFO 16756 --- [main] o.s.b.a.e.web.EndpointLinksResolver      : Exposing 15 endpoint(s) beneath base path '/actuator'
20:10:40:631  INFO 16756 --- [main] o.s.s.web.DefaultSecurityFilterChain     : Will secure any request with [org.springframework.security.web.session.DisableEncodeUrlFilter@4b7e4d14, org.springframework.security.web.context.request.async.WebAsyncManagerIntegrationFilter@70f91ae3, org.springframework.security.web.context.SecurityContextHolderFilter@52d59507, org.springframework.security.web.header.HeaderWriterFilter@662713b6, org.springframework.security.web.authentication.logout.LogoutFilter@12270a01, xyz.douzhan.bank.security.filter.JWTAuthenticationFilter@601d9f3a, xyz.douzhan.bank.security.filter.SMSCodeLoginFilter@5c2a3f0c, xyz.douzhan.bank.security.filter.UsernamePasswordLoginFilter@6585df70, org.springframework.security.web.savedrequest.RequestCacheAwareFilter@3265995e, org.springframework.security.web.servletapi.SecurityContextHolderAwareRequestFilter@30665461, org.springframework.security.web.authentication.AnonymousAuthenticationFilter@5d93ff21, org.springframework.security.web.session.SessionManagementFilter@4bca8eaf, org.springframework.security.web.access.ExceptionTranslationFilter@39ead1b7, org.springframework.security.web.access.intercept.AuthorizationFilter@66abb2fa]
20:10:40:634  WARN 16756 --- [main] o.s.s.c.a.web.builders.WebSecurity       : You are asking Spring Security to ignore Ant [pattern='/static/**']. This is not recommended -- please use permitAll via HttpSecurity#authorizeHttpRequests instead.
20:10:40:634  INFO 16756 --- [main] o.s.s.web.DefaultSecurityFilterChain     : Will not secure Ant [pattern='/static/**']
20:10:42:589  INFO 16756 --- [main] xyz.douzhan.bank.demo1.ATest             : Started ATest in 5.392 seconds (process running for 6.073)
20:20:08:188  INFO 20224 --- [main] xyz.douzhan.bank.demo1.ATest             : Starting ATest using Java 17.0.7 with PID 20224 (started by Chang in D:\Desktop\BANK-bankend\service)
20:20:08:190 DEBUG 20224 --- [main] xyz.douzhan.bank.demo1.ATest             : Running with Spring Boot v3.0.9, Spring v6.0.11
20:20:08:190  INFO 20224 --- [main] xyz.douzhan.bank.demo1.ATest             : The following 1 profile is active: "dev"
20:20:09:332  INFO 20224 --- [main] .s.d.r.c.RepositoryConfigurationDelegate : Multiple Spring Data modules found, entering strict repository configuration mode
20:20:09:337  INFO 20224 --- [main] .s.d.r.c.RepositoryConfigurationDelegate : Bootstrapping Spring Data Redis repositories in DEFAULT mode.
20:20:09:367  INFO 20224 --- [main] .s.d.r.c.RepositoryConfigurationDelegate : Finished Spring Data repository scanning in 13 ms. Found 0 Redis repository interfaces.
20:20:09:442  WARN 20224 --- [main] o.m.s.mapper.ClassPathMapperScanner      : No MyBatis mapper was found in '[xyz.douzhan.bank]' package. Please check your configuration.
20:20:11:141  INFO 20224 --- [main] o.s.b.a.e.web.EndpointLinksResolver      : Exposing 15 endpoint(s) beneath base path '/actuator'
20:20:11:457  INFO 20224 --- [main] o.s.s.web.DefaultSecurityFilterChain     : Will secure any request with [org.springframework.security.web.session.DisableEncodeUrlFilter@7846913f, org.springframework.security.web.context.request.async.WebAsyncManagerIntegrationFilter@48da64f2, org.springframework.security.web.context.SecurityContextHolderFilter@27053257, org.springframework.security.web.header.HeaderWriterFilter@39ead1b7, org.springframework.security.web.authentication.logout.LogoutFilter@351e86b2, xyz.douzhan.bank.security.filter.JWTAuthenticationFilter@60b553f, xyz.douzhan.bank.security.filter.SMSCodeLoginFilter@2aa811f9, xyz.douzhan.bank.security.filter.UsernamePasswordLoginFilter@66abb2fa, org.springframework.security.web.savedrequest.RequestCacheAwareFilter@662713b6, org.springframework.security.web.servletapi.SecurityContextHolderAwareRequestFilter@b8142f4, org.springframework.security.web.authentication.AnonymousAuthenticationFilter@7d4da729, org.springframework.security.web.session.SessionManagementFilter@35ff072c, org.springframework.security.web.access.ExceptionTranslationFilter@96be1ae, org.springframework.security.web.access.intercept.AuthorizationFilter@72585e83]
20:20:11:460  WARN 20224 --- [main] o.s.s.c.a.web.builders.WebSecurity       : You are asking Spring Security to ignore Ant [pattern='/static/**']. This is not recommended -- please use permitAll via HttpSecurity#authorizeHttpRequests instead.
20:20:11:460  INFO 20224 --- [main] o.s.s.web.DefaultSecurityFilterChain     : Will not secure Ant [pattern='/static/**']
20:20:13:453  INFO 20224 --- [main] xyz.douzhan.bank.demo1.ATest             : Started ATest in 5.527 seconds (process running for 6.198)
20:33:53:510  INFO 9228 --- [main] xyz.douzhan.bank.demo1.ATest             : Starting ATest using Java 17.0.7 with PID 9228 (started by Chang in D:\Desktop\BANK-bankend\service)
20:33:53:512 DEBUG 9228 --- [main] xyz.douzhan.bank.demo1.ATest             : Running with Spring Boot v3.0.9, Spring v6.0.11
20:33:53:512  INFO 9228 --- [main] xyz.douzhan.bank.demo1.ATest             : The following 1 profile is active: "dev"
20:33:54:521  INFO 9228 --- [main] .s.d.r.c.RepositoryConfigurationDelegate : Multiple Spring Data modules found, entering strict repository configuration mode
20:33:54:523  INFO 9228 --- [main] .s.d.r.c.RepositoryConfigurationDelegate : Bootstrapping Spring Data Redis repositories in DEFAULT mode.
20:33:54:550  INFO 9228 --- [main] .s.d.r.c.RepositoryConfigurationDelegate : Finished Spring Data repository scanning in 13 ms. Found 0 Redis repository interfaces.
20:33:54:621  WARN 9228 --- [main] o.m.s.mapper.ClassPathMapperScanner      : No MyBatis mapper was found in '[xyz.douzhan.bank]' package. Please check your configuration.
20:33:56:304  INFO 9228 --- [main] o.s.b.a.e.web.EndpointLinksResolver      : Exposing 15 endpoint(s) beneath base path '/actuator'
20:33:56:599  INFO 9228 --- [main] o.s.s.web.DefaultSecurityFilterChain     : Will secure any request with [org.springframework.security.web.session.DisableEncodeUrlFilter@30665461, org.springframework.security.web.context.request.async.WebAsyncManagerIntegrationFilter@146833a2, org.springframework.security.web.context.SecurityContextHolderFilter@6297cb4b, org.springframework.security.web.header.HeaderWriterFilter@517bdce0, org.springframework.security.web.authentication.logout.LogoutFilter@432f4626, xyz.douzhan.bank.security.filter.JWTAuthenticationFilter@50b38342, xyz.douzhan.bank.security.filter.SMSCodeLoginFilter@424a152f, xyz.douzhan.bank.security.filter.UsernamePasswordLoginFilter@408d945b, org.springframework.security.web.savedrequest.RequestCacheAwareFilter@672d8370, org.springframework.security.web.servletapi.SecurityContextHolderAwareRequestFilter@29bd056a, org.springframework.security.web.authentication.AnonymousAuthenticationFilter@15ad5acb, org.springframework.security.web.session.SessionManagementFilter@6150afc6, org.springframework.security.web.access.ExceptionTranslationFilter@7d156f8f, org.springframework.security.web.access.intercept.AuthorizationFilter@33f2eb04]
20:33:56:613  WARN 9228 --- [main] o.s.s.c.a.web.builders.WebSecurity       : You are asking Spring Security to ignore Ant [pattern='/static/**']. This is not recommended -- please use permitAll via HttpSecurity#authorizeHttpRequests instead.
20:33:56:613  INFO 9228 --- [main] o.s.s.web.DefaultSecurityFilterChain     : Will not secure Ant [pattern='/static/**']
20:33:58:482  INFO 9228 --- [main] xyz.douzhan.bank.demo1.ATest             : Started ATest in 5.227 seconds (process running for 5.907)
20:35:19:891  INFO 20796 --- [main] xyz.douzhan.bank.demo1.ATest             : Starting ATest using Java 17.0.7 with PID 20796 (started by Chang in D:\Desktop\BANK-bankend\service)
20:35:19:892 DEBUG 20796 --- [main] xyz.douzhan.bank.demo1.ATest             : Running with Spring Boot v3.0.9, Spring v6.0.11
20:35:19:893  INFO 20796 --- [main] xyz.douzhan.bank.demo1.ATest             : The following 1 profile is active: "dev"
20:35:20:975  INFO 20796 --- [main] .s.d.r.c.RepositoryConfigurationDelegate : Multiple Spring Data modules found, entering strict repository configuration mode
20:35:20:977  INFO 20796 --- [main] .s.d.r.c.RepositoryConfigurationDelegate : Bootstrapping Spring Data Redis repositories in DEFAULT mode.
20:35:21:001  INFO 20796 --- [main] .s.d.r.c.RepositoryConfigurationDelegate : Finished Spring Data repository scanning in 13 ms. Found 0 Redis repository interfaces.
20:35:21:076  WARN 20796 --- [main] o.m.s.mapper.ClassPathMapperScanner      : No MyBatis mapper was found in '[xyz.douzhan.bank]' package. Please check your configuration.
20:35:22:620  INFO 20796 --- [main] o.s.b.a.e.web.EndpointLinksResolver      : Exposing 15 endpoint(s) beneath base path '/actuator'
20:35:22:923  INFO 20796 --- [main] o.s.s.web.DefaultSecurityFilterChain     : Will secure any request with [org.springframework.security.web.session.DisableEncodeUrlFilter@2d2a8819, org.springframework.security.web.context.request.async.WebAsyncManagerIntegrationFilter@72585e83, org.springframework.security.web.context.SecurityContextHolderFilter@27ec74a3, org.springframework.security.web.header.HeaderWriterFilter@2d3c501b, org.springframework.security.web.authentication.logout.LogoutFilter@673a9db4, xyz.douzhan.bank.security.filter.JWTAuthenticationFilter@6b64bf61, xyz.douzhan.bank.security.filter.SMSCodeLoginFilter@1d5bb5c, xyz.douzhan.bank.security.filter.UsernamePasswordLoginFilter@7846913f, org.springframework.security.web.savedrequest.RequestCacheAwareFilter@c0004b7, org.springframework.security.web.servletapi.SecurityContextHolderAwareRequestFilter@662713b6, org.springframework.security.web.authentication.AnonymousAuthenticationFilter@48da64f2, org.springframework.security.web.session.SessionManagementFilter@38b54694, org.springframework.security.web.access.ExceptionTranslationFilter@54bc3bcf, org.springframework.security.web.access.intercept.AuthorizationFilter@41b66d1]
20:35:22:928  WARN 20796 --- [main] o.s.s.c.a.web.builders.WebSecurity       : You are asking Spring Security to ignore Ant [pattern='/static/**']. This is not recommended -- please use permitAll via HttpSecurity#authorizeHttpRequests instead.
20:35:22:929  INFO 20796 --- [main] o.s.s.web.DefaultSecurityFilterChain     : Will not secure Ant [pattern='/static/**']
20:35:24:866  INFO 20796 --- [main] xyz.douzhan.bank.demo1.ATest             : Started ATest in 5.245 seconds (process running for 5.909)
20:36:30:984  INFO 16624 --- [main] xyz.douzhan.bank.demo1.ATest             : Starting ATest using Java 17.0.7 with PID 16624 (started by Chang in D:\Desktop\BANK-bankend\service)
20:36:30:986 DEBUG 16624 --- [main] xyz.douzhan.bank.demo1.ATest             : Running with Spring Boot v3.0.9, Spring v6.0.11
20:36:30:986  INFO 16624 --- [main] xyz.douzhan.bank.demo1.ATest             : The following 1 profile is active: "dev"
20:36:32:026  INFO 16624 --- [main] .s.d.r.c.RepositoryConfigurationDelegate : Multiple Spring Data modules found, entering strict repository configuration mode
20:36:32:029  INFO 16624 --- [main] .s.d.r.c.RepositoryConfigurationDelegate : Bootstrapping Spring Data Redis repositories in DEFAULT mode.
20:36:32:054  INFO 16624 --- [main] .s.d.r.c.RepositoryConfigurationDelegate : Finished Spring Data repository scanning in 13 ms. Found 0 Redis repository interfaces.
20:36:32:132  WARN 16624 --- [main] o.m.s.mapper.ClassPathMapperScanner      : No MyBatis mapper was found in '[xyz.douzhan.bank]' package. Please check your configuration.
20:36:33:768  INFO 16624 --- [main] o.s.b.a.e.web.EndpointLinksResolver      : Exposing 15 endpoint(s) beneath base path '/actuator'
20:36:34:020  INFO 16624 --- [main] o.s.s.web.DefaultSecurityFilterChain     : Will secure any request with [org.springframework.security.web.session.DisableEncodeUrlFilter@35ff072c, org.springframework.security.web.context.request.async.WebAsyncManagerIntegrationFilter@c0004b7, org.springframework.security.web.context.SecurityContextHolderFilter@3c826498, org.springframework.security.web.header.HeaderWriterFilter@46fb9581, org.springframework.security.web.authentication.logout.LogoutFilter@5c9e3d01, xyz.douzhan.bank.security.filter.JWTAuthenticationFilter@63880be9, xyz.douzhan.bank.security.filter.SMSCodeLoginFilter@27053257, xyz.douzhan.bank.security.filter.UsernamePasswordLoginFilter@6a0e97fc, org.springframework.security.web.savedrequest.RequestCacheAwareFilter@54f25b42, org.springframework.security.web.servletapi.SecurityContextHolderAwareRequestFilter@3749c2b, org.springframework.security.web.authentication.AnonymousAuthenticationFilter@662713b6, org.springframework.security.web.session.SessionManagementFilter@416b681c, org.springframework.security.web.access.ExceptionTranslationFilter@2a259f6f, org.springframework.security.web.access.intercept.AuthorizationFilter@7619fbe7]
20:36:34:033  WARN 16624 --- [main] o.s.s.c.a.web.builders.WebSecurity       : You are asking Spring Security to ignore Ant [pattern='/static/**']. This is not recommended -- please use permitAll via HttpSecurity#authorizeHttpRequests instead.
20:36:34:034  INFO 16624 --- [main] o.s.s.web.DefaultSecurityFilterChain     : Will not secure Ant [pattern='/static/**']
20:36:35:722  INFO 16624 --- [main] xyz.douzhan.bank.demo1.ATest             : Started ATest in 5.005 seconds (process running for 5.692)
20:39:06:510  INFO 7316 --- [main] xyz.douzhan.bank.demo1.ATest             : Starting ATest using Java 17.0.7 with PID 7316 (started by Chang in D:\Desktop\BANK-bankend\service)
20:39:06:511 DEBUG 7316 --- [main] xyz.douzhan.bank.demo1.ATest             : Running with Spring Boot v3.0.9, Spring v6.0.11
20:39:06:512  INFO 7316 --- [main] xyz.douzhan.bank.demo1.ATest             : The following 1 profile is active: "dev"
20:39:07:526  INFO 7316 --- [main] .s.d.r.c.RepositoryConfigurationDelegate : Multiple Spring Data modules found, entering strict repository configuration mode
20:39:07:531  INFO 7316 --- [main] .s.d.r.c.RepositoryConfigurationDelegate : Bootstrapping Spring Data Redis repositories in DEFAULT mode.
20:39:07:559  INFO 7316 --- [main] .s.d.r.c.RepositoryConfigurationDelegate : Finished Spring Data repository scanning in 11 ms. Found 0 Redis repository interfaces.
20:39:07:630  WARN 7316 --- [main] o.m.s.mapper.ClassPathMapperScanner      : No MyBatis mapper was found in '[xyz.douzhan.bank]' package. Please check your configuration.
20:39:09:168  INFO 7316 --- [main] o.s.b.a.e.web.EndpointLinksResolver      : Exposing 15 endpoint(s) beneath base path '/actuator'
20:39:09:402  INFO 7316 --- [main] o.s.s.web.DefaultSecurityFilterChain     : Will secure any request with [org.springframework.security.web.session.DisableEncodeUrlFilter@601d9f3a, org.springframework.security.web.context.request.async.WebAsyncManagerIntegrationFilter@5c2a3f0c, org.springframework.security.web.context.SecurityContextHolderFilter@3265995e, org.springframework.security.web.header.HeaderWriterFilter@4bca8eaf, org.springframework.security.web.authentication.logout.LogoutFilter@646d58cd, xyz.douzhan.bank.security.filter.JWTAuthenticationFilter@6585df70, xyz.douzhan.bank.security.filter.SMSCodeLoginFilter@5d93ff21, xyz.douzhan.bank.security.filter.UsernamePasswordLoginFilter@51fb5fe6, org.springframework.security.web.savedrequest.RequestCacheAwareFilter@4df13dd0, org.springframework.security.web.servletapi.SecurityContextHolderAwareRequestFilter@50b38342, org.springframework.security.web.authentication.AnonymousAuthenticationFilter@5ca4c88a, org.springframework.security.web.session.SessionManagementFilter@b8142f4, org.springframework.security.web.access.ExceptionTranslationFilter@35ff072c, org.springframework.security.web.access.intercept.AuthorizationFilter@2133b712]
20:39:09:405  WARN 7316 --- [main] o.s.s.c.a.web.builders.WebSecurity       : You are asking Spring Security to ignore Ant [pattern='/static/**']. This is not recommended -- please use permitAll via HttpSecurity#authorizeHttpRequests instead.
20:39:09:405  INFO 7316 --- [main] o.s.s.web.DefaultSecurityFilterChain     : Will not secure Ant [pattern='/static/**']
20:39:11:261  INFO 7316 --- [main] xyz.douzhan.bank.demo1.ATest             : Started ATest in 5.03 seconds (process running for 5.735)
20:39:38:038  INFO 13724 --- [main] xyz.douzhan.bank.demo1.ATest             : Starting ATest using Java 17.0.7 with PID 13724 (started by Chang in D:\Desktop\BANK-bankend\service)
20:39:38:039 DEBUG 13724 --- [main] xyz.douzhan.bank.demo1.ATest             : Running with Spring Boot v3.0.9, Spring v6.0.11
20:39:38:039  INFO 13724 --- [main] xyz.douzhan.bank.demo1.ATest             : The following 1 profile is active: "dev"
20:39:39:022  INFO 13724 --- [main] .s.d.r.c.RepositoryConfigurationDelegate : Multiple Spring Data modules found, entering strict repository configuration mode
20:39:39:025  INFO 13724 --- [main] .s.d.r.c.RepositoryConfigurationDelegate : Bootstrapping Spring Data Redis repositories in DEFAULT mode.
20:39:39:046  INFO 13724 --- [main] .s.d.r.c.RepositoryConfigurationDelegate : Finished Spring Data repository scanning in 10 ms. Found 0 Redis repository interfaces.
20:39:39:122  WARN 13724 --- [main] o.m.s.mapper.ClassPathMapperScanner      : No MyBatis mapper was found in '[xyz.douzhan.bank]' package. Please check your configuration.
20:39:40:684  INFO 13724 --- [main] o.s.b.a.e.web.EndpointLinksResolver      : Exposing 15 endpoint(s) beneath base path '/actuator'
20:39:41:004  INFO 13724 --- [main] o.s.s.web.DefaultSecurityFilterChain     : Will secure any request with [org.springframework.security.web.session.DisableEncodeUrlFilter@48da64f2, org.springframework.security.web.context.request.async.WebAsyncManagerIntegrationFilter@60b553f, org.springframework.security.web.context.SecurityContextHolderFilter@6a0e97fc, org.springframework.security.web.header.HeaderWriterFilter@27ec74a3, org.springframework.security.web.authentication.logout.LogoutFilter@5a8b42a3, xyz.douzhan.bank.security.filter.JWTAuthenticationFilter@2aa811f9, xyz.douzhan.bank.security.filter.SMSCodeLoginFilter@66abb2fa, xyz.douzhan.bank.security.filter.UsernamePasswordLoginFilter@7d4da729, org.springframework.security.web.savedrequest.RequestCacheAwareFilter@45539bd8, org.springframework.security.web.servletapi.SecurityContextHolderAwareRequestFilter@52d59507, org.springframework.security.web.authentication.AnonymousAuthenticationFilter@2133b712, org.springframework.security.web.session.SessionManagementFilter@c0004b7, org.springframework.security.web.access.ExceptionTranslationFilter@6eb5b9e7, org.springframework.security.web.access.intercept.AuthorizationFilter@6b64bf61]
20:39:41:009  WARN 13724 --- [main] o.s.s.c.a.web.builders.WebSecurity       : You are asking Spring Security to ignore Ant [pattern='/static/**']. This is not recommended -- please use permitAll via HttpSecurity#authorizeHttpRequests instead.
20:39:41:010  INFO 13724 --- [main] o.s.s.web.DefaultSecurityFilterChain     : Will not secure Ant [pattern='/static/**']
20:39:42:895  INFO 13724 --- [main] xyz.douzhan.bank.demo1.ATest             : Started ATest in 5.124 seconds (process running for 5.804)
20:43:31:841  INFO 19672 --- [main] xyz.douzhan.bank.demo1.ATest             : Starting ATest using Java 17.0.7 with PID 19672 (started by Chang in D:\Desktop\BANK-bankend\service)
20:43:31:842 DEBUG 19672 --- [main] xyz.douzhan.bank.demo1.ATest             : Running with Spring Boot v3.0.9, Spring v6.0.11
20:43:31:843  INFO 19672 --- [main] xyz.douzhan.bank.demo1.ATest             : The following 1 profile is active: "dev"
20:43:32:831  INFO 19672 --- [main] .s.d.r.c.RepositoryConfigurationDelegate : Multiple Spring Data modules found, entering strict repository configuration mode
20:43:32:834  INFO 19672 --- [main] .s.d.r.c.RepositoryConfigurationDelegate : Bootstrapping Spring Data Redis repositories in DEFAULT mode.
20:43:32:856  INFO 19672 --- [main] .s.d.r.c.RepositoryConfigurationDelegate : Finished Spring Data repository scanning in 11 ms. Found 0 Redis repository interfaces.
20:43:32:929  WARN 19672 --- [main] o.m.s.mapper.ClassPathMapperScanner      : No MyBatis mapper was found in '[xyz.douzhan.bank]' package. Please check your configuration.
20:43:34:471  INFO 19672 --- [main] o.s.b.a.e.web.EndpointLinksResolver      : Exposing 15 endpoint(s) beneath base path '/actuator'
20:43:34:782  INFO 19672 --- [main] o.s.s.web.DefaultSecurityFilterChain     : Will secure any request with [org.springframework.security.web.session.DisableEncodeUrlFilter@2aa811f9, org.springframework.security.web.context.request.async.WebAsyncManagerIntegrationFilter@66abb2fa, org.springframework.security.web.context.SecurityContextHolderFilter@45539bd8, org.springframework.security.web.header.HeaderWriterFilter@c0004b7, org.springframework.security.web.authentication.logout.LogoutFilter@44106e25, xyz.douzhan.bank.security.filter.JWTAuthenticationFilter@7d4da729, xyz.douzhan.bank.security.filter.SMSCodeLoginFilter@2133b712, xyz.douzhan.bank.security.filter.UsernamePasswordLoginFilter@4b7e4d14, org.springframework.security.web.savedrequest.RequestCacheAwareFilter@55e5415d, org.springframework.security.web.servletapi.SecurityContextHolderAwareRequestFilter@3265995e, org.springframework.security.web.authentication.AnonymousAuthenticationFilter@70f91ae3, org.springframework.security.web.session.SessionManagementFilter@27053257, org.springframework.security.web.access.ExceptionTranslationFilter@2d3c501b, org.springframework.security.web.access.intercept.AuthorizationFilter@7846913f]
20:43:34:785  WARN 19672 --- [main] o.s.s.c.a.web.builders.WebSecurity       : You are asking Spring Security to ignore Ant [pattern='/static/**']. This is not recommended -- please use permitAll via HttpSecurity#authorizeHttpRequests instead.
20:43:34:785  INFO 19672 --- [main] o.s.s.web.DefaultSecurityFilterChain     : Will not secure Ant [pattern='/static/**']
20:43:36:724  INFO 19672 --- [main] xyz.douzhan.bank.demo1.ATest             : Started ATest in 5.145 seconds (process running for 5.842)
20:46:05:788  INFO 21824 --- [main] xyz.douzhan.bank.demo1.ATest             : Starting ATest using Java 17.0.7 with PID 21824 (started by Chang in D:\Desktop\BANK-bankend\service)
20:46:05:790 DEBUG 21824 --- [main] xyz.douzhan.bank.demo1.ATest             : Running with Spring Boot v3.0.9, Spring v6.0.11
20:46:05:790  INFO 21824 --- [main] xyz.douzhan.bank.demo1.ATest             : The following 1 profile is active: "dev"
20:46:06:808  INFO 21824 --- [main] .s.d.r.c.RepositoryConfigurationDelegate : Multiple Spring Data modules found, entering strict repository configuration mode
20:46:06:811  INFO 21824 --- [main] .s.d.r.c.RepositoryConfigurationDelegate : Bootstrapping Spring Data Redis repositories in DEFAULT mode.
20:46:06:850  INFO 21824 --- [main] .s.d.r.c.RepositoryConfigurationDelegate : Finished Spring Data repository scanning in 13 ms. Found 0 Redis repository interfaces.
20:46:06:928  WARN 21824 --- [main] o.m.s.mapper.ClassPathMapperScanner      : No MyBatis mapper was found in '[xyz.douzhan.bank]' package. Please check your configuration.
20:46:08:485  INFO 21824 --- [main] o.s.b.a.e.web.EndpointLinksResolver      : Exposing 15 endpoint(s) beneath base path '/actuator'
20:46:08:720  INFO 21824 --- [main] o.s.s.web.DefaultSecurityFilterChain     : Will secure any request with [org.springframework.security.web.session.DisableEncodeUrlFilter@7b8cb283, org.springframework.security.web.context.request.async.WebAsyncManagerIntegrationFilter@38b54694, org.springframework.security.web.context.SecurityContextHolderFilter@46fb9581, org.springframework.security.web.header.HeaderWriterFilter@3df3410a, org.springframework.security.web.authentication.logout.LogoutFilter@4f82248f, xyz.douzhan.bank.security.filter.JWTAuthenticationFilter@7619fbe7, xyz.douzhan.bank.security.filter.SMSCodeLoginFilter@39ead1b7, xyz.douzhan.bank.security.filter.UsernamePasswordLoginFilter@27ec74a3, org.springframework.security.web.savedrequest.RequestCacheAwareFilter@416b681c, org.springframework.security.web.servletapi.SecurityContextHolderAwareRequestFilter@2633d09c, org.springframework.security.web.authentication.AnonymousAuthenticationFilter@35ff072c, org.springframework.security.web.session.SessionManagementFilter@61d42275, org.springframework.security.web.access.ExceptionTranslationFilter@257b3561, org.springframework.security.web.access.intercept.AuthorizationFilter@6eb5b9e7]
20:46:08:730  WARN 21824 --- [main] o.s.s.c.a.web.builders.WebSecurity       : You are asking Spring Security to ignore Ant [pattern='/static/**']. This is not recommended -- please use permitAll via HttpSecurity#authorizeHttpRequests instead.
20:46:08:731  INFO 21824 --- [main] o.s.s.web.DefaultSecurityFilterChain     : Will not secure Ant [pattern='/static/**']
20:46:10:625  INFO 21824 --- [main] xyz.douzhan.bank.demo1.ATest             : Started ATest in 5.091 seconds (process running for 5.746)
20:47:23:470  INFO 10660 --- [main] xyz.douzhan.bank.demo1.ATest             : Starting ATest using Java 17.0.7 with PID 10660 (started by Chang in D:\Desktop\BANK-bankend\service)
20:47:23:471 DEBUG 10660 --- [main] xyz.douzhan.bank.demo1.ATest             : Running with Spring Boot v3.0.9, Spring v6.0.11
20:47:23:471  INFO 10660 --- [main] xyz.douzhan.bank.demo1.ATest             : The following 1 profile is active: "dev"
20:47:24:508  INFO 10660 --- [main] .s.d.r.c.RepositoryConfigurationDelegate : Multiple Spring Data modules found, entering strict repository configuration mode
20:47:24:510  INFO 10660 --- [main] .s.d.r.c.RepositoryConfigurationDelegate : Bootstrapping Spring Data Redis repositories in DEFAULT mode.
20:47:24:532  INFO 10660 --- [main] .s.d.r.c.RepositoryConfigurationDelegate : Finished Spring Data repository scanning in 11 ms. Found 0 Redis repository interfaces.
20:47:24:602  WARN 10660 --- [main] o.m.s.mapper.ClassPathMapperScanner      : No MyBatis mapper was found in '[xyz.douzhan.bank]' package. Please check your configuration.
20:47:26:359  INFO 10660 --- [main] o.s.b.a.e.web.EndpointLinksResolver      : Exposing 15 endpoint(s) beneath base path '/actuator'
20:47:26:647  INFO 10660 --- [main] o.s.s.web.DefaultSecurityFilterChain     : Will secure any request with [org.springframework.security.web.session.DisableEncodeUrlFilter@38b54694, org.springframework.security.web.context.request.async.WebAsyncManagerIntegrationFilter@7619fbe7, org.springframework.security.web.context.SecurityContextHolderFilter@6fcc0a1, org.springframework.security.web.header.HeaderWriterFilter@670c171c, org.springframework.security.web.authentication.logout.LogoutFilter@22002459, xyz.douzhan.bank.security.filter.JWTAuthenticationFilter@39ead1b7, xyz.douzhan.bank.security.filter.SMSCodeLoginFilter@27ec74a3, xyz.douzhan.bank.security.filter.UsernamePasswordLoginFilter@35ff072c, org.springframework.security.web.savedrequest.RequestCacheAwareFilter@46d69ca4, org.springframework.security.web.servletapi.SecurityContextHolderAwareRequestFilter@54f25b42, org.springframework.security.web.authentication.AnonymousAuthenticationFilter@c0004b7, org.springframework.security.web.session.SessionManagementFilter@6614289a, org.springframework.security.web.access.ExceptionTranslationFilter@78861d9e, org.springframework.security.web.access.intercept.AuthorizationFilter@77e730bd]
20:47:26:660  WARN 10660 --- [main] o.s.s.c.a.web.builders.WebSecurity       : You are asking Spring Security to ignore Ant [pattern='/static/**']. This is not recommended -- please use permitAll via HttpSecurity#authorizeHttpRequests instead.
20:47:26:660  INFO 10660 --- [main] o.s.s.web.DefaultSecurityFilterChain     : Will not secure Ant [pattern='/static/**']
20:47:28:700  INFO 10660 --- [main] xyz.douzhan.bank.demo1.ATest             : Started ATest in 5.49 seconds (process running for 6.161)
20:47:45:709  INFO 2896 --- [main] xyz.douzhan.bank.demo1.ATest             : Starting ATest using Java 17.0.7 with PID 2896 (started by Chang in D:\Desktop\BANK-bankend\service)
20:47:45:710 DEBUG 2896 --- [main] xyz.douzhan.bank.demo1.ATest             : Running with Spring Boot v3.0.9, Spring v6.0.11
20:47:45:710  INFO 2896 --- [main] xyz.douzhan.bank.demo1.ATest             : The following 1 profile is active: "dev"
20:47:46:766  INFO 2896 --- [main] .s.d.r.c.RepositoryConfigurationDelegate : Multiple Spring Data modules found, entering strict repository configuration mode
20:47:46:771  INFO 2896 --- [main] .s.d.r.c.RepositoryConfigurationDelegate : Bootstrapping Spring Data Redis repositories in DEFAULT mode.
20:47:46:807  INFO 2896 --- [main] .s.d.r.c.RepositoryConfigurationDelegate : Finished Spring Data repository scanning in 16 ms. Found 0 Redis repository interfaces.
20:47:46:880  WARN 2896 --- [main] o.m.s.mapper.ClassPathMapperScanner      : No MyBatis mapper was found in '[xyz.douzhan.bank]' package. Please check your configuration.
20:47:48:506  INFO 2896 --- [main] o.s.b.a.e.web.EndpointLinksResolver      : Exposing 15 endpoint(s) beneath base path '/actuator'
20:47:48:760  INFO 2896 --- [main] o.s.s.web.DefaultSecurityFilterChain     : Will secure any request with [org.springframework.security.web.session.DisableEncodeUrlFilter@601d9f3a, org.springframework.security.web.context.request.async.WebAsyncManagerIntegrationFilter@5c2a3f0c, org.springframework.security.web.context.SecurityContextHolderFilter@3265995e, org.springframework.security.web.header.HeaderWriterFilter@4bca8eaf, org.springframework.security.web.authentication.logout.LogoutFilter@646d58cd, xyz.douzhan.bank.security.filter.JWTAuthenticationFilter@6585df70, xyz.douzhan.bank.security.filter.SMSCodeLoginFilter@5d93ff21, xyz.douzhan.bank.security.filter.UsernamePasswordLoginFilter@51fb5fe6, org.springframework.security.web.savedrequest.RequestCacheAwareFilter@4df13dd0, org.springframework.security.web.servletapi.SecurityContextHolderAwareRequestFilter@50b38342, org.springframework.security.web.authentication.AnonymousAuthenticationFilter@5ca4c88a, org.springframework.security.web.session.SessionManagementFilter@b8142f4, org.springframework.security.web.access.ExceptionTranslationFilter@35ff072c, org.springframework.security.web.access.intercept.AuthorizationFilter@2133b712]
20:47:48:763  WARN 2896 --- [main] o.s.s.c.a.web.builders.WebSecurity       : You are asking Spring Security to ignore Ant [pattern='/static/**']. This is not recommended -- please use permitAll via HttpSecurity#authorizeHttpRequests instead.
20:47:48:763  INFO 2896 --- [main] o.s.s.web.DefaultSecurityFilterChain     : Will not secure Ant [pattern='/static/**']
20:47:50:615  INFO 2896 --- [main] xyz.douzhan.bank.demo1.ATest             : Started ATest in 5.177 seconds (process running for 5.859)
20:48:18:231  INFO 20360 --- [main] xyz.douzhan.bank.demo1.ATest             : Starting ATest using Java 17.0.7 with PID 20360 (started by Chang in D:\Desktop\BANK-bankend\service)
20:48:18:232 DEBUG 20360 --- [main] xyz.douzhan.bank.demo1.ATest             : Running with Spring Boot v3.0.9, Spring v6.0.11
20:48:18:233  INFO 20360 --- [main] xyz.douzhan.bank.demo1.ATest             : The following 1 profile is active: "dev"
20:48:19:272  INFO 20360 --- [main] .s.d.r.c.RepositoryConfigurationDelegate : Multiple Spring Data modules found, entering strict repository configuration mode
20:48:19:274  INFO 20360 --- [main] .s.d.r.c.RepositoryConfigurationDelegate : Bootstrapping Spring Data Redis repositories in DEFAULT mode.
20:48:19:297  INFO 20360 --- [main] .s.d.r.c.RepositoryConfigurationDelegate : Finished Spring Data repository scanning in 10 ms. Found 0 Redis repository interfaces.
20:48:19:374  WARN 20360 --- [main] o.m.s.mapper.ClassPathMapperScanner      : No MyBatis mapper was found in '[xyz.douzhan.bank]' package. Please check your configuration.
20:48:20:905  INFO 20360 --- [main] o.s.b.a.e.web.EndpointLinksResolver      : Exposing 15 endpoint(s) beneath base path '/actuator'
20:48:21:138  INFO 20360 --- [main] o.s.s.web.DefaultSecurityFilterChain     : Will secure any request with [org.springframework.security.web.session.DisableEncodeUrlFilter@fb2c2f3, org.springframework.security.web.context.request.async.WebAsyncManagerIntegrationFilter@148fca83, org.springframework.security.web.context.SecurityContextHolderFilter@7619fbe7, org.springframework.security.web.header.HeaderWriterFilter@6eb5b9e7, org.springframework.security.web.authentication.logout.LogoutFilter@59c862af, xyz.douzhan.bank.security.filter.JWTAuthenticationFilter@2d2a8819, xyz.douzhan.bank.security.filter.SMSCodeLoginFilter@72585e83, xyz.douzhan.bank.security.filter.UsernamePasswordLoginFilter@6b64bf61, org.springframework.security.web.savedrequest.RequestCacheAwareFilter@27ec74a3, org.springframework.security.web.servletapi.SecurityContextHolderAwareRequestFilter@27053257, org.springframework.security.web.authentication.AnonymousAuthenticationFilter@1d5bb5c, org.springframework.security.web.session.SessionManagementFilter@2d3c501b, org.springframework.security.web.access.ExceptionTranslationFilter@1f3f434, org.springframework.security.web.access.intercept.AuthorizationFilter@401b67a9]
20:48:21:142  WARN 20360 --- [main] o.s.s.c.a.web.builders.WebSecurity       : You are asking Spring Security to ignore Ant [pattern='/static/**']. This is not recommended -- please use permitAll via HttpSecurity#authorizeHttpRequests instead.
20:48:21:142  INFO 20360 --- [main] o.s.s.web.DefaultSecurityFilterChain     : Will not secure Ant [pattern='/static/**']
20:48:23:052  INFO 20360 --- [main] xyz.douzhan.bank.demo1.ATest             : Started ATest in 5.084 seconds (process running for 5.775)
20:48:44:417  INFO 12240 --- [main] xyz.douzhan.bank.demo1.ATest             : Starting ATest using Java 17.0.7 with PID 12240 (started by Chang in D:\Desktop\BANK-bankend\service)
20:48:44:418 DEBUG 12240 --- [main] xyz.douzhan.bank.demo1.ATest             : Running with Spring Boot v3.0.9, Spring v6.0.11
20:48:44:418  INFO 12240 --- [main] xyz.douzhan.bank.demo1.ATest             : The following 1 profile is active: "dev"
20:48:45:376  INFO 12240 --- [main] .s.d.r.c.RepositoryConfigurationDelegate : Multiple Spring Data modules found, entering strict repository configuration mode
20:48:45:378  INFO 12240 --- [main] .s.d.r.c.RepositoryConfigurationDelegate : Bootstrapping Spring Data Redis repositories in DEFAULT mode.
20:48:45:407  INFO 12240 --- [main] .s.d.r.c.RepositoryConfigurationDelegate : Finished Spring Data repository scanning in 13 ms. Found 0 Redis repository interfaces.
20:48:45:487  WARN 12240 --- [main] o.m.s.mapper.ClassPathMapperScanner      : No MyBatis mapper was found in '[xyz.douzhan.bank]' package. Please check your configuration.
20:48:47:097  INFO 12240 --- [main] o.s.b.a.e.web.EndpointLinksResolver      : Exposing 15 endpoint(s) beneath base path '/actuator'
20:48:47:411  INFO 12240 --- [main] o.s.s.web.DefaultSecurityFilterChain     : Will secure any request with [org.springframework.security.web.session.DisableEncodeUrlFilter@b8142f4, org.springframework.security.web.context.request.async.WebAsyncManagerIntegrationFilter@52d59507, org.springframework.security.web.context.SecurityContextHolderFilter@76ed7573, org.springframework.security.web.header.HeaderWriterFilter@7d156f8f, org.springframework.security.web.authentication.logout.LogoutFilter@77d959f1, xyz.douzhan.bank.security.filter.JWTAuthenticationFilter@4d75c604, xyz.douzhan.bank.security.filter.SMSCodeLoginFilter@3265995e, xyz.douzhan.bank.security.filter.UsernamePasswordLoginFilter@33f2eb04, org.springframework.security.web.savedrequest.RequestCacheAwareFilter@517bdce0, org.springframework.security.web.servletapi.SecurityContextHolderAwareRequestFilter@46e6458d, org.springframework.security.web.authentication.AnonymousAuthenticationFilter@4df13dd0, org.springframework.security.web.session.SessionManagementFilter@3749c2b, org.springframework.security.web.access.ExceptionTranslationFilter@416b681c, org.springframework.security.web.access.intercept.AuthorizationFilter@45539bd8]
20:48:47:424  WARN 12240 --- [main] o.s.s.c.a.web.builders.WebSecurity       : You are asking Spring Security to ignore Ant [pattern='/static/**']. This is not recommended -- please use permitAll via HttpSecurity#authorizeHttpRequests instead.
20:48:47:425  INFO 12240 --- [main] o.s.s.web.DefaultSecurityFilterChain     : Will not secure Ant [pattern='/static/**']
20:48:49:524  INFO 12240 --- [main] xyz.douzhan.bank.demo1.ATest             : Started ATest in 5.36 seconds (process running for 6.024)
20:49:12:131  INFO 4004 --- [main] xyz.douzhan.bank.demo1.ATest             : Starting ATest using Java 17.0.7 with PID 4004 (started by Chang in D:\Desktop\BANK-bankend\service)
20:49:12:132 DEBUG 4004 --- [main] xyz.douzhan.bank.demo1.ATest             : Running with Spring Boot v3.0.9, Spring v6.0.11
20:49:12:132  INFO 4004 --- [main] xyz.douzhan.bank.demo1.ATest             : The following 1 profile is active: "dev"
20:49:13:043  INFO 4004 --- [main] .s.d.r.c.RepositoryConfigurationDelegate : Multiple Spring Data modules found, entering strict repository configuration mode
20:49:13:045  INFO 4004 --- [main] .s.d.r.c.RepositoryConfigurationDelegate : Bootstrapping Spring Data Redis repositories in DEFAULT mode.
20:49:13:067  INFO 4004 --- [main] .s.d.r.c.RepositoryConfigurationDelegate : Finished Spring Data repository scanning in 12 ms. Found 0 Redis repository interfaces.
20:49:13:142  WARN 4004 --- [main] o.m.s.mapper.ClassPathMapperScanner      : No MyBatis mapper was found in '[xyz.douzhan.bank]' package. Please check your configuration.
20:49:14:652  INFO 4004 --- [main] o.s.b.a.e.web.EndpointLinksResolver      : Exposing 15 endpoint(s) beneath base path '/actuator'
20:49:14:973  INFO 4004 --- [main] o.s.s.web.DefaultSecurityFilterChain     : Will secure any request with [org.springframework.security.web.session.DisableEncodeUrlFilter@401b67a9, org.springframework.security.web.context.request.async.WebAsyncManagerIntegrationFilter@4e3ee457, org.springframework.security.web.context.SecurityContextHolderFilter@2d3c501b, org.springframework.security.web.header.HeaderWriterFilter@13714753, org.springframework.security.web.authentication.logout.LogoutFilter@424a152f, xyz.douzhan.bank.security.filter.JWTAuthenticationFilter@41b66d1, xyz.douzhan.bank.security.filter.SMSCodeLoginFilter@fb2c2f3, xyz.douzhan.bank.security.filter.UsernamePasswordLoginFilter@148fca83, org.springframework.security.web.savedrequest.RequestCacheAwareFilter@38b54694, org.springframework.security.web.servletapi.SecurityContextHolderAwareRequestFilter@35ff072c, org.springframework.security.web.authentication.AnonymousAuthenticationFilter@2d2a8819, org.springframework.security.web.session.SessionManagementFilter@96be1ae, org.springframework.security.web.access.ExceptionTranslationFilter@6879e983, org.springframework.security.web.access.intercept.AuthorizationFilter@646d58cd]
20:49:14:976  WARN 4004 --- [main] o.s.s.c.a.web.builders.WebSecurity       : You are asking Spring Security to ignore Ant [pattern='/static/**']. This is not recommended -- please use permitAll via HttpSecurity#authorizeHttpRequests instead.
20:49:14:976  INFO 4004 --- [main] o.s.s.web.DefaultSecurityFilterChain     : Will not secure Ant [pattern='/static/**']
20:49:16:947  INFO 4004 --- [main] xyz.douzhan.bank.demo1.ATest             : Started ATest in 5.072 seconds (process running for 5.733)
20:49:34:538  INFO 21444 --- [main] xyz.douzhan.bank.demo1.ATest             : Starting ATest using Java 17.0.7 with PID 21444 (started by Chang in D:\Desktop\BANK-bankend\service)
20:49:34:539 DEBUG 21444 --- [main] xyz.douzhan.bank.demo1.ATest             : Running with Spring Boot v3.0.9, Spring v6.0.11
20:49:34:540  INFO 21444 --- [main] xyz.douzhan.bank.demo1.ATest             : The following 1 profile is active: "dev"
20:49:35:505  INFO 21444 --- [main] .s.d.r.c.RepositoryConfigurationDelegate : Multiple Spring Data modules found, entering strict repository configuration mode
20:49:35:509  INFO 21444 --- [main] .s.d.r.c.RepositoryConfigurationDelegate : Bootstrapping Spring Data Redis repositories in DEFAULT mode.
20:49:35:544  INFO 21444 --- [main] .s.d.r.c.RepositoryConfigurationDelegate : Finished Spring Data repository scanning in 15 ms. Found 0 Redis repository interfaces.
20:49:35:618  WARN 21444 --- [main] o.m.s.mapper.ClassPathMapperScanner      : No MyBatis mapper was found in '[xyz.douzhan.bank]' package. Please check your configuration.
20:49:37:047  INFO 21444 --- [main] o.s.b.a.e.web.EndpointLinksResolver      : Exposing 15 endpoint(s) beneath base path '/actuator'
20:49:37:318  INFO 21444 --- [main] o.s.s.web.DefaultSecurityFilterChain     : Will secure any request with [org.springframework.security.web.session.DisableEncodeUrlFilter@662713b6, org.springframework.security.web.context.request.async.WebAsyncManagerIntegrationFilter@45539bd8, org.springframework.security.web.context.SecurityContextHolderFilter@451af781, org.springframework.security.web.header.HeaderWriterFilter@3c826498, org.springframework.security.web.authentication.logout.LogoutFilter@7bb25046, xyz.douzhan.bank.security.filter.JWTAuthenticationFilter@4bca8eaf, xyz.douzhan.bank.security.filter.SMSCodeLoginFilter@55e5415d, xyz.douzhan.bank.security.filter.UsernamePasswordLoginFilter@b8142f4, org.springframework.security.web.savedrequest.RequestCacheAwareFilter@32e65852, org.springframework.security.web.servletapi.SecurityContextHolderAwareRequestFilter@517bdce0, org.springframework.security.web.authentication.AnonymousAuthenticationFilter@52d59507, org.springframework.security.web.session.SessionManagementFilter@54f25b42, org.springframework.security.web.access.ExceptionTranslationFilter@6614289a, org.springframework.security.web.access.intercept.AuthorizationFilter@63880be9]
20:49:37:331  WARN 21444 --- [main] o.s.s.c.a.web.builders.WebSecurity       : You are asking Spring Security to ignore Ant [pattern='/static/**']. This is not recommended -- please use permitAll via HttpSecurity#authorizeHttpRequests instead.
20:49:37:331  INFO 21444 --- [main] o.s.s.web.DefaultSecurityFilterChain     : Will not secure Ant [pattern='/static/**']
20:49:39:313  INFO 21444 --- [main] xyz.douzhan.bank.demo1.ATest             : Started ATest in 5.038 seconds (process running for 5.699)
20:49:53:154  INFO 15032 --- [main] xyz.douzhan.bank.demo1.ATest             : Starting ATest using Java 17.0.7 with PID 15032 (started by Chang in D:\Desktop\BANK-bankend\service)
20:49:53:156 DEBUG 15032 --- [main] xyz.douzhan.bank.demo1.ATest             : Running with Spring Boot v3.0.9, Spring v6.0.11
20:49:53:156  INFO 15032 --- [main] xyz.douzhan.bank.demo1.ATest             : The following 1 profile is active: "dev"
20:49:54:121  INFO 15032 --- [main] .s.d.r.c.RepositoryConfigurationDelegate : Multiple Spring Data modules found, entering strict repository configuration mode
20:49:54:124  INFO 15032 --- [main] .s.d.r.c.RepositoryConfigurationDelegate : Bootstrapping Spring Data Redis repositories in DEFAULT mode.
20:49:54:154  INFO 15032 --- [main] .s.d.r.c.RepositoryConfigurationDelegate : Finished Spring Data repository scanning in 11 ms. Found 0 Redis repository interfaces.
20:49:54:239  WARN 15032 --- [main] o.m.s.mapper.ClassPathMapperScanner      : No MyBatis mapper was found in '[xyz.douzhan.bank]' package. Please check your configuration.
20:49:55:635  INFO 15032 --- [main] o.s.b.a.e.web.EndpointLinksResolver      : Exposing 15 endpoint(s) beneath base path '/actuator'
20:49:55:968  INFO 15032 --- [main] o.s.s.web.DefaultSecurityFilterChain     : Will secure any request with [org.springframework.security.web.session.DisableEncodeUrlFilter@23d978b, org.springframework.security.web.context.request.async.WebAsyncManagerIntegrationFilter@3cf70afa, org.springframework.security.web.context.SecurityContextHolderFilter@cef885d, org.springframework.security.web.header.HeaderWriterFilter@56da8847, org.springframework.security.web.authentication.logout.LogoutFilter@166ddfb7, xyz.douzhan.bank.security.filter.JWTAuthenticationFilter@66dd04e2, xyz.douzhan.bank.security.filter.SMSCodeLoginFilter@495e8a3, xyz.douzhan.bank.security.filter.UsernamePasswordLoginFilter@6a7aa675, org.springframework.security.web.savedrequest.RequestCacheAwareFilter@6f4fc83f, org.springframework.security.web.servletapi.SecurityContextHolderAwareRequestFilter@12a0d249, org.springframework.security.web.authentication.AnonymousAuthenticationFilter@6eded11a, org.springframework.security.web.session.SessionManagementFilter@2c02a007, org.springframework.security.web.access.ExceptionTranslationFilter@7831d1aa, org.springframework.security.web.access.intercept.AuthorizationFilter@4efe014f]
20:49:55:974  WARN 15032 --- [main] o.s.s.c.a.web.builders.WebSecurity       : You are asking Spring Security to ignore Ant [pattern='/static/**']. This is not recommended -- please use permitAll via HttpSecurity#authorizeHttpRequests instead.
20:49:55:974  INFO 15032 --- [main] o.s.s.web.DefaultSecurityFilterChain     : Will not secure Ant [pattern='/static/**']
20:49:58:264  INFO 15032 --- [main] xyz.douzhan.bank.demo1.ATest             : Started ATest in 5.441 seconds (process running for 6.566)
20:53:09:879  INFO 5516 --- [main] xyz.douzhan.bank.demo1.ATest             : Starting ATest using Java 17.0.7 with PID 5516 (started by Chang in D:\Desktop\BANK-bankend\service)
20:53:09:880 DEBUG 5516 --- [main] xyz.douzhan.bank.demo1.ATest             : Running with Spring Boot v3.0.9, Spring v6.0.11
20:53:09:880  INFO 5516 --- [main] xyz.douzhan.bank.demo1.ATest             : The following 1 profile is active: "dev"
20:53:10:783  INFO 5516 --- [main] .s.d.r.c.RepositoryConfigurationDelegate : Multiple Spring Data modules found, entering strict repository configuration mode
20:53:10:785  INFO 5516 --- [main] .s.d.r.c.RepositoryConfigurationDelegate : Bootstrapping Spring Data Redis repositories in DEFAULT mode.
20:53:10:810  INFO 5516 --- [main] .s.d.r.c.RepositoryConfigurationDelegate : Finished Spring Data repository scanning in 15 ms. Found 0 Redis repository interfaces.
20:53:10:891  WARN 5516 --- [main] o.m.s.mapper.ClassPathMapperScanner      : No MyBatis mapper was found in '[xyz.douzhan.bank]' package. Please check your configuration.
20:53:12:493  INFO 5516 --- [main] o.s.b.a.e.web.EndpointLinksResolver      : Exposing 15 endpoint(s) beneath base path '/actuator'
20:53:12:779  INFO 5516 --- [main] o.s.s.web.DefaultSecurityFilterChain     : Will secure any request with [org.springframework.security.web.session.DisableEncodeUrlFilter@6a7aa675, org.springframework.security.web.context.request.async.WebAsyncManagerIntegrationFilter@6eded11a, org.springframework.security.web.context.SecurityContextHolderFilter@16e4db59, org.springframework.security.web.header.HeaderWriterFilter@61bd0845, org.springframework.security.web.authentication.logout.LogoutFilter@291cbe70, xyz.douzhan.bank.security.filter.JWTAuthenticationFilter@602a3237, xyz.douzhan.bank.security.filter.SMSCodeLoginFilter@4b511e61, xyz.douzhan.bank.security.filter.UsernamePasswordLoginFilter@74a74070, org.springframework.security.web.savedrequest.RequestCacheAwareFilter@12a0d249, org.springframework.security.web.servletapi.SecurityContextHolderAwareRequestFilter@64688978, org.springframework.security.web.authentication.AnonymousAuthenticationFilter@6c6919ff, org.springframework.security.web.session.SessionManagementFilter@35d4035f, org.springframework.security.web.access.ExceptionTranslationFilter@2270f58d, org.springframework.security.web.access.intercept.AuthorizationFilter@3cf70afa]
20:53:12:786  WARN 5516 --- [main] o.s.s.c.a.web.builders.WebSecurity       : You are asking Spring Security to ignore Ant [pattern='/static/**']. This is not recommended -- please use permitAll via HttpSecurity#authorizeHttpRequests instead.
20:53:12:787  INFO 5516 --- [main] o.s.s.web.DefaultSecurityFilterChain     : Will not secure Ant [pattern='/static/**']
20:53:15:074  INFO 5516 --- [main] xyz.douzhan.bank.demo1.ATest             : Started ATest in 5.485 seconds (process running for 6.238)
20:54:21:485  INFO 3336 --- [main] xyz.douzhan.bank.demo1.ATest             : Starting ATest using Java 17.0.7 with PID 3336 (started by Chang in D:\Desktop\BANK-bankend\service)
20:54:21:487 DEBUG 3336 --- [main] xyz.douzhan.bank.demo1.ATest             : Running with Spring Boot v3.0.9, Spring v6.0.11
20:54:21:487  INFO 3336 --- [main] xyz.douzhan.bank.demo1.ATest             : The following 1 profile is active: "dev"
20:55:40:328  INFO 2104 --- [main] xyz.douzhan.bank.demo1.ATest             : Starting ATest using Java 17.0.7 with PID 2104 (started by Chang in D:\Desktop\BANK-bankend\service)
20:55:40:329 DEBUG 2104 --- [main] xyz.douzhan.bank.demo1.ATest             : Running with Spring Boot v3.0.9, Spring v6.0.11
20:55:40:330  INFO 2104 --- [main] xyz.douzhan.bank.demo1.ATest             : The following 1 profile is active: "dev"
20:55:41:314  INFO 2104 --- [main] .s.d.r.c.RepositoryConfigurationDelegate : Multiple Spring Data modules found, entering strict repository configuration mode
20:55:41:320  INFO 2104 --- [main] .s.d.r.c.RepositoryConfigurationDelegate : Bootstrapping Spring Data Redis repositories in DEFAULT mode.
20:55:41:341  INFO 2104 --- [main] .s.d.r.c.RepositoryConfigurationDelegate : Finished Spring Data repository scanning in 10 ms. Found 0 Redis repository interfaces.
20:55:41:419  WARN 2104 --- [main] o.m.s.mapper.ClassPathMapperScanner      : No MyBatis mapper was found in '[xyz.douzhan.bank]' package. Please check your configuration.
20:55:42:948  INFO 2104 --- [main] o.s.b.a.e.web.EndpointLinksResolver      : Exposing 15 endpoint(s) beneath base path '/actuator'
20:55:43:204  INFO 2104 --- [main] o.s.s.web.DefaultSecurityFilterChain     : Will secure any request with [org.springframework.security.web.session.DisableEncodeUrlFilter@3265995e, org.springframework.security.web.context.request.async.WebAsyncManagerIntegrationFilter@33f2eb04, org.springframework.security.web.context.SecurityContextHolderFilter@7c0b0bd9, org.springframework.security.web.header.HeaderWriterFilter@32e65852, org.springframework.security.web.authentication.logout.LogoutFilter@4ab86b2a, xyz.douzhan.bank.security.filter.JWTAuthenticationFilter@4df13dd0, xyz.douzhan.bank.security.filter.SMSCodeLoginFilter@2ed7978c, xyz.douzhan.bank.security.filter.UsernamePasswordLoginFilter@30665461, org.springframework.security.web.savedrequest.RequestCacheAwareFilter@49f50c8f, org.springframework.security.web.servletapi.SecurityContextHolderAwareRequestFilter@672d8370, org.springframework.security.web.authentication.AnonymousAuthenticationFilter@146833a2, org.springframework.security.web.session.SessionManagementFilter@76ed7573, org.springframework.security.web.access.ExceptionTranslationFilter@3c826498, org.springframework.security.web.access.intercept.AuthorizationFilter@b8142f4]
20:55:43:217  WARN 2104 --- [main] o.s.s.c.a.web.builders.WebSecurity       : You are asking Spring Security to ignore Ant [pattern='/static/**']. This is not recommended -- please use permitAll via HttpSecurity#authorizeHttpRequests instead.
20:55:43:217  INFO 2104 --- [main] o.s.s.web.DefaultSecurityFilterChain     : Will not secure Ant [pattern='/static/**']
20:55:45:048  INFO 2104 --- [main] xyz.douzhan.bank.demo1.ATest             : Started ATest in 4.978 seconds (process running for 5.653)
20:56:12:184  INFO 3324 --- [main] xyz.douzhan.bank.demo1.ATest             : Starting ATest using Java 17.0.7 with PID 3324 (started by Chang in D:\Desktop\BANK-bankend\service)
20:56:12:185 DEBUG 3324 --- [main] xyz.douzhan.bank.demo1.ATest             : Running with Spring Boot v3.0.9, Spring v6.0.11
20:56:12:186  INFO 3324 --- [main] xyz.douzhan.bank.demo1.ATest             : The following 1 profile is active: "dev"
20:56:13:184  INFO 3324 --- [main] .s.d.r.c.RepositoryConfigurationDelegate : Multiple Spring Data modules found, entering strict repository configuration mode
20:56:13:187  INFO 3324 --- [main] .s.d.r.c.RepositoryConfigurationDelegate : Bootstrapping Spring Data Redis repositories in DEFAULT mode.
20:56:13:212  INFO 3324 --- [main] .s.d.r.c.RepositoryConfigurationDelegate : Finished Spring Data repository scanning in 14 ms. Found 0 Redis repository interfaces.
20:56:13:281  WARN 3324 --- [main] o.m.s.mapper.ClassPathMapperScanner      : No MyBatis mapper was found in '[xyz.douzhan.bank]' package. Please check your configuration.
20:56:14:785  INFO 3324 --- [main] o.s.b.a.e.web.EndpointLinksResolver      : Exposing 15 endpoint(s) beneath base path '/actuator'
20:56:15:112  INFO 3324 --- [main] o.s.s.web.DefaultSecurityFilterChain     : Will secure any request with [org.springframework.security.web.session.DisableEncodeUrlFilter@63880be9, org.springframework.security.web.context.request.async.WebAsyncManagerIntegrationFilter@27053257, org.springframework.security.web.context.SecurityContextHolderFilter@54f25b42, org.springframework.security.web.header.HeaderWriterFilter@416b681c, org.springframework.security.web.authentication.logout.LogoutFilter@4a2d66e, xyz.douzhan.bank.security.filter.JWTAuthenticationFilter@6a0e97fc, xyz.douzhan.bank.security.filter.SMSCodeLoginFilter@662713b6, xyz.douzhan.bank.security.filter.UsernamePasswordLoginFilter@45539bd8, org.springframework.security.web.savedrequest.RequestCacheAwareFilter@7d156f8f, org.springframework.security.web.servletapi.SecurityContextHolderAwareRequestFilter@64d93096, org.springframework.security.web.authentication.AnonymousAuthenticationFilter@4bca8eaf, org.springframework.security.web.session.SessionManagementFilter@5c9b5e62, org.springframework.security.web.access.ExceptionTranslationFilter@3df3410a, org.springframework.security.web.access.intercept.AuthorizationFilter@27ec74a3]
20:56:15:129  WARN 3324 --- [main] o.s.s.c.a.web.builders.WebSecurity       : You are asking Spring Security to ignore Ant [pattern='/static/**']. This is not recommended -- please use permitAll via HttpSecurity#authorizeHttpRequests instead.
20:56:15:129  INFO 3324 --- [main] o.s.s.web.DefaultSecurityFilterChain     : Will not secure Ant [pattern='/static/**']
20:56:17:085  INFO 3324 --- [main] xyz.douzhan.bank.demo1.ATest             : Started ATest in 5.172 seconds (process running for 5.828)
20:56:34:292  INFO 7960 --- [main] xyz.douzhan.bank.demo1.ATest             : Starting ATest using Java 17.0.7 with PID 7960 (started by Chang in D:\Desktop\BANK-bankend\service)
20:56:34:293 DEBUG 7960 --- [main] xyz.douzhan.bank.demo1.ATest             : Running with Spring Boot v3.0.9, Spring v6.0.11
20:56:34:294  INFO 7960 --- [main] xyz.douzhan.bank.demo1.ATest             : The following 1 profile is active: "dev"
20:56:35:306  INFO 7960 --- [main] .s.d.r.c.RepositoryConfigurationDelegate : Multiple Spring Data modules found, entering strict repository configuration mode
20:56:35:308  INFO 7960 --- [main] .s.d.r.c.RepositoryConfigurationDelegate : Bootstrapping Spring Data Redis repositories in DEFAULT mode.
20:56:35:334  INFO 7960 --- [main] .s.d.r.c.RepositoryConfigurationDelegate : Finished Spring Data repository scanning in 12 ms. Found 0 Redis repository interfaces.
20:56:35:408  WARN 7960 --- [main] o.m.s.mapper.ClassPathMapperScanner      : No MyBatis mapper was found in '[xyz.douzhan.bank]' package. Please check your configuration.
20:56:36:870  INFO 7960 --- [main] o.s.b.a.e.web.EndpointLinksResolver      : Exposing 15 endpoint(s) beneath base path '/actuator'
20:56:37:146  INFO 7960 --- [main] o.s.s.web.DefaultSecurityFilterChain     : Will secure any request with [org.springframework.security.web.session.DisableEncodeUrlFilter@39ead1b7, org.springframework.security.web.context.request.async.WebAsyncManagerIntegrationFilter@27ec74a3, org.springframework.security.web.context.SecurityContextHolderFilter@46d69ca4, org.springframework.security.web.header.HeaderWriterFilter@6614289a, org.springframework.security.web.authentication.logout.LogoutFilter@21e702b8, xyz.douzhan.bank.security.filter.JWTAuthenticationFilter@35ff072c, xyz.douzhan.bank.security.filter.SMSCodeLoginFilter@c0004b7, xyz.douzhan.bank.security.filter.UsernamePasswordLoginFilter@63880be9, org.springframework.security.web.savedrequest.RequestCacheAwareFilter@3c826498, org.springframework.security.web.servletapi.SecurityContextHolderAwareRequestFilter@7d156f8f, org.springframework.security.web.authentication.AnonymousAuthenticationFilter@27053257, org.springframework.security.web.session.SessionManagementFilter@46fb9581, org.springframework.security.web.access.ExceptionTranslationFilter@1eabfad5, org.springframework.security.web.access.intercept.AuthorizationFilter@7b8cb283]
20:56:37:159  WARN 7960 --- [main] o.s.s.c.a.web.builders.WebSecurity       : You are asking Spring Security to ignore Ant [pattern='/static/**']. This is not recommended -- please use permitAll via HttpSecurity#authorizeHttpRequests instead.
20:56:37:160  INFO 7960 --- [main] o.s.s.web.DefaultSecurityFilterChain     : Will not secure Ant [pattern='/static/**']
20:56:39:160  INFO 7960 --- [main] xyz.douzhan.bank.demo1.ATest             : Started ATest in 5.122 seconds (process running for 5.792)
20:56:57:056  INFO 12120 --- [main] xyz.douzhan.bank.demo1.ATest             : Starting ATest using Java 17.0.7 with PID 12120 (started by Chang in D:\Desktop\BANK-bankend\service)
20:56:57:057 DEBUG 12120 --- [main] xyz.douzhan.bank.demo1.ATest             : Running with Spring Boot v3.0.9, Spring v6.0.11
20:56:57:058  INFO 12120 --- [main] xyz.douzhan.bank.demo1.ATest             : The following 1 profile is active: "dev"
20:56:58:118  INFO 12120 --- [main] .s.d.r.c.RepositoryConfigurationDelegate : Multiple Spring Data modules found, entering strict repository configuration mode
20:56:58:120  INFO 12120 --- [main] .s.d.r.c.RepositoryConfigurationDelegate : Bootstrapping Spring Data Redis repositories in DEFAULT mode.
20:56:58:143  INFO 12120 --- [main] .s.d.r.c.RepositoryConfigurationDelegate : Finished Spring Data repository scanning in 12 ms. Found 0 Redis repository interfaces.
20:56:58:211  WARN 12120 --- [main] o.m.s.mapper.ClassPathMapperScanner      : No MyBatis mapper was found in '[xyz.douzhan.bank]' package. Please check your configuration.
20:56:59:898  INFO 12120 --- [main] o.s.b.a.e.web.EndpointLinksResolver      : Exposing 15 endpoint(s) beneath base path '/actuator'
20:57:00:162  INFO 12120 --- [main] o.s.s.web.DefaultSecurityFilterChain     : Will secure any request with [org.springframework.security.web.session.DisableEncodeUrlFilter@52d59507, org.springframework.security.web.context.request.async.WebAsyncManagerIntegrationFilter@4d75c604, org.springframework.security.web.context.SecurityContextHolderFilter@51df2a41, org.springframework.security.web.header.HeaderWriterFilter@451af781, org.springframework.security.web.authentication.logout.LogoutFilter@11c999da, xyz.douzhan.bank.security.filter.JWTAuthenticationFilter@3265995e, xyz.douzhan.bank.security.filter.SMSCodeLoginFilter@33f2eb04, xyz.douzhan.bank.security.filter.UsernamePasswordLoginFilter@4df13dd0, org.springframework.security.web.savedrequest.RequestCacheAwareFilter@7c0b0bd9, org.springframework.security.web.servletapi.SecurityContextHolderAwareRequestFilter@6297cb4b, org.springframework.security.web.authentication.AnonymousAuthenticationFilter@2ed7978c, org.springframework.security.web.session.SessionManagementFilter@32e65852, org.springframework.security.web.access.ExceptionTranslationFilter@46d69ca4, org.springframework.security.web.access.intercept.AuthorizationFilter@4bca8eaf]
20:57:00:175  WARN 12120 --- [main] o.s.s.c.a.web.builders.WebSecurity       : You are asking Spring Security to ignore Ant [pattern='/static/**']. This is not recommended -- please use permitAll via HttpSecurity#authorizeHttpRequests instead.
20:57:00:175  INFO 12120 --- [main] o.s.s.web.DefaultSecurityFilterChain     : Will not secure Ant [pattern='/static/**']
20:57:02:040  INFO 12120 --- [main] xyz.douzhan.bank.demo1.ATest             : Started ATest in 5.245 seconds (process running for 5.899)
20:57:40:016  INFO 16276 --- [main] xyz.douzhan.bank.demo1.ATest             : Starting ATest using Java 17.0.7 with PID 16276 (started by Chang in D:\Desktop\BANK-bankend\service)
20:57:40:017 DEBUG 16276 --- [main] xyz.douzhan.bank.demo1.ATest             : Running with Spring Boot v3.0.9, Spring v6.0.11
20:57:40:017  INFO 16276 --- [main] xyz.douzhan.bank.demo1.ATest             : The following 1 profile is active: "dev"
20:57:40:975  INFO 16276 --- [main] .s.d.r.c.RepositoryConfigurationDelegate : Multiple Spring Data modules found, entering strict repository configuration mode
20:57:40:977  INFO 16276 --- [main] .s.d.r.c.RepositoryConfigurationDelegate : Bootstrapping Spring Data Redis repositories in DEFAULT mode.
20:57:41:000  INFO 16276 --- [main] .s.d.r.c.RepositoryConfigurationDelegate : Finished Spring Data repository scanning in 11 ms. Found 0 Redis repository interfaces.
20:57:41:073  WARN 16276 --- [main] o.m.s.mapper.ClassPathMapperScanner      : No MyBatis mapper was found in '[xyz.douzhan.bank]' package. Please check your configuration.
20:57:42:443  INFO 16276 --- [main] o.s.b.a.e.web.EndpointLinksResolver      : Exposing 15 endpoint(s) beneath base path '/actuator'
20:57:42:703  INFO 16276 --- [main] o.s.s.web.DefaultSecurityFilterChain     : Will secure any request with [org.springframework.security.web.session.DisableEncodeUrlFilter@1791e231, org.springframework.security.web.context.request.async.WebAsyncManagerIntegrationFilter@55397d15, org.springframework.security.web.context.SecurityContextHolderFilter@50b38342, org.springframework.security.web.header.HeaderWriterFilter@33f2eb04, org.springframework.security.web.authentication.logout.LogoutFilter@fb2c2f3, xyz.douzhan.bank.security.filter.JWTAuthenticationFilter@5e360c3b, xyz.douzhan.bank.security.filter.SMSCodeLoginFilter@24ac6fef, xyz.douzhan.bank.security.filter.UsernamePasswordLoginFilter@3cb49121, org.springframework.security.web.savedrequest.RequestCacheAwareFilter@408d945b, org.springframework.security.web.servletapi.SecurityContextHolderAwareRequestFilter@673a9db4, org.springframework.security.web.authentication.AnonymousAuthenticationFilter@227b9277, org.springframework.security.web.session.SessionManagementFilter@2ed7978c, org.springframework.security.web.access.ExceptionTranslationFilter@45539bd8, org.springframework.security.web.access.intercept.AuthorizationFilter@5d93ff21]
20:57:42:708  WARN 16276 --- [main] o.s.s.c.a.web.builders.WebSecurity       : You are asking Spring Security to ignore Ant [pattern='/static/**']. This is not recommended -- please use permitAll via HttpSecurity#authorizeHttpRequests instead.
20:57:42:708  INFO 16276 --- [main] o.s.s.web.DefaultSecurityFilterChain     : Will not secure Ant [pattern='/static/**']
20:57:44:781  INFO 16276 --- [main] xyz.douzhan.bank.demo1.ATest             : Started ATest in 5.038 seconds (process running for 5.695)
22:05:06:512  INFO 18760 --- [main] x.douzhan.bank.demo1.UserGeneratorTest   : Starting UserGeneratorTest using Java 17.0.7 with PID 18760 (started by Chang in D:\Desktop\BANK-bankend\service)
22:05:06:514 DEBUG 18760 --- [main] x.douzhan.bank.demo1.UserGeneratorTest   : Running with Spring Boot v3.0.9, Spring v6.0.11
22:05:06:514  INFO 18760 --- [main] x.douzhan.bank.demo1.UserGeneratorTest   : The following 1 profile is active: "dev"
22:05:07:494  INFO 18760 --- [main] .s.d.r.c.RepositoryConfigurationDelegate : Multiple Spring Data modules found, entering strict repository configuration mode
22:05:07:497  INFO 18760 --- [main] .s.d.r.c.RepositoryConfigurationDelegate : Bootstrapping Spring Data Redis repositories in DEFAULT mode.
22:05:07:528  INFO 18760 --- [main] .s.d.r.c.RepositoryConfigurationDelegate : Finished Spring Data repository scanning in 17 ms. Found 0 Redis repository interfaces.
22:05:07:598  WARN 18760 --- [main] o.m.s.mapper.ClassPathMapperScanner      : No MyBatis mapper was found in '[xyz.douzhan.bank]' package. Please check your configuration.
22:05:09:073  INFO 18760 --- [main] o.s.b.a.e.web.EndpointLinksResolver      : Exposing 15 endpoint(s) beneath base path '/actuator'
22:05:09:326  INFO 18760 --- [main] o.s.s.web.DefaultSecurityFilterChain     : Will secure any request with [org.springframework.security.web.session.DisableEncodeUrlFilter@72585e83, org.springframework.security.web.context.request.async.WebAsyncManagerIntegrationFilter@6b64bf61, org.springframework.security.web.context.SecurityContextHolderFilter@35ff072c, org.springframework.security.web.header.HeaderWriterFilter@7b8cb283, org.springframework.security.web.authentication.logout.LogoutFilter@183ef89a, xyz.douzhan.bank.security.filter.JWTAuthenticationFilter@1d5bb5c, xyz.douzhan.bank.security.filter.SMSCodeLoginFilter@7846913f, xyz.douzhan.bank.security.filter.UsernamePasswordLoginFilter@48da64f2, org.springframework.security.web.savedrequest.RequestCacheAwareFilter@63880be9, org.springframework.security.web.servletapi.SecurityContextHolderAwareRequestFilter@45539bd8, org.springframework.security.web.authentication.AnonymousAuthenticationFilter@60b553f, org.springframework.security.web.session.SessionManagementFilter@7619fbe7, org.springframework.security.web.access.ExceptionTranslationFilter@d3d5094, org.springframework.security.web.access.intercept.AuthorizationFilter@fb2c2f3]
22:05:09:329  WARN 18760 --- [main] o.s.s.c.a.web.builders.WebSecurity       : You are asking Spring Security to ignore Ant [pattern='/static/**']. This is not recommended -- please use permitAll via HttpSecurity#authorizeHttpRequests instead.
22:05:09:329  INFO 18760 --- [main] o.s.s.web.DefaultSecurityFilterChain     : Will not secure Ant [pattern='/static/**']
22:05:11:211  INFO 18760 --- [main] x.douzhan.bank.demo1.UserGeneratorTest   : Started UserGeneratorTest in 4.968 seconds (process running for 5.671)
22:05:11:672  WARN 18760 --- [main] c.b.m.generator.config.GlobalConfig      : 
22:05:11:897  WARN 18760 --- [main] org.apache.velocity.deprecation          : configuration key 'file.resource.loader.class' has been deprecated in favor of 'resource.loader.file.class'
22:05:11:897  WARN 18760 --- [main] org.apache.velocity.deprecation          : configuration key 'file.resource.loader.unicode' has been deprecated in favor of 'resource.loader.file.unicode'
22:05:11:957  WARN 18760 --- [main] c.b.m.g.jdbc.DatabaseMetaDataWrapper     : :user
22:22:45:102  INFO 4816 --- [main] xyz.douzhan.bank.demo1.BTest             : Starting BTest using Java 17.0.7 with PID 4816 (started by Chang in D:\Desktop\BANK-bankend\service)
22:22:45:104 DEBUG 4816 --- [main] xyz.douzhan.bank.demo1.BTest             : Running with Spring Boot v3.0.9, Spring v6.0.11
22:22:45:104  INFO 4816 --- [main] xyz.douzhan.bank.demo1.BTest             : The following 1 profile is active: "dev"
22:22:46:237  INFO 4816 --- [main] .s.d.r.c.RepositoryConfigurationDelegate : Multiple Spring Data modules found, entering strict repository configuration mode
22:22:46:241  INFO 4816 --- [main] .s.d.r.c.RepositoryConfigurationDelegate : Bootstrapping Spring Data Redis repositories in DEFAULT mode.
22:22:46:280  INFO 4816 --- [main] .s.d.r.c.RepositoryConfigurationDelegate : Finished Spring Data repository scanning in 22 ms. Found 0 Redis repository interfaces.
22:22:48:784  INFO 4816 --- [main] o.s.b.a.e.web.EndpointLinksResolver      : Exposing 15 endpoint(s) beneath base path '/actuator'
22:22:49:023  INFO 4816 --- [main] o.s.s.web.DefaultSecurityFilterChain     : Will secure any request with [org.springframework.security.web.session.DisableEncodeUrlFilter@3f40568e, org.springframework.security.web.context.request.async.WebAsyncManagerIntegrationFilter@2e47a71e, org.springframework.security.web.context.SecurityContextHolderFilter@44de3b46, org.springframework.security.web.header.HeaderWriterFilter@6a63ff31, org.springframework.security.web.authentication.logout.LogoutFilter@446a5aa5, xyz.douzhan.bank.security.filter.JWTAuthenticationFilter@37b470df, xyz.douzhan.bank.security.filter.SMSCodeLoginFilter@359ea595, xyz.douzhan.bank.security.filter.UsernamePasswordLoginFilter@8d7718e, org.springframework.security.web.savedrequest.RequestCacheAwareFilter@320fc4b0, org.springframework.security.web.servletapi.SecurityContextHolderAwareRequestFilter@5cd6719d, org.springframework.security.web.authentication.AnonymousAuthenticationFilter@1bbb48dd, org.springframework.security.web.session.SessionManagementFilter@6f36267d, org.springframework.security.web.access.ExceptionTranslationFilter@3831f4c2, org.springframework.security.web.access.intercept.AuthorizationFilter@20163008]
22:22:49:038  WARN 4816 --- [main] o.s.s.c.a.web.builders.WebSecurity       : You are asking Spring Security to ignore Ant [pattern='/static/**']. This is not recommended -- please use permitAll via HttpSecurity#authorizeHttpRequests instead.
22:22:49:038  INFO 4816 --- [main] o.s.s.web.DefaultSecurityFilterChain     : Will not secure Ant [pattern='/static/**']
22:22:50:570  INFO 4816 --- [main] xyz.douzhan.bank.demo1.BTest             : Started BTest in 5.788 seconds (process running for 6.584)
22:22:51:008  INFO 4816 --- [main] com.zaxxer.hikari.HikariDataSource       : HikariPool-1 - Starting...
22:22:51:253  INFO 4816 --- [main] com.zaxxer.hikari.pool.HikariPool        : HikariPool-1 - Added connection com.mysql.cj.jdbc.ConnectionImpl@2735a7dc
22:22:51:256  INFO 4816 --- [main] com.zaxxer.hikari.HikariDataSource       : HikariPool-1 - Start completed.
22:22:51:262 DEBUG 4816 --- [main] x.d.bank.mapper.SafeMapper.selectList    : ==>  Preparing: SELECT id,user_id,username,tel,account_pwd,pay_pwd,certificate,times,locked_time,role,update_time,create_time FROM safe WHERE (username = ?)
22:22:51:280 DEBUG 4816 --- [main] x.d.bank.mapper.SafeMapper.selectList    : ==> Parameters: zhangsan123(String)
22:22:51:328 DEBUG 4816 --- [main] x.d.bank.mapper.SafeMapper.selectList    : <==      Total: 1
22:22:51:355  INFO 4816 --- [SpringApplicationShutdownHook] com.zaxxer.hikari.HikariDataSource       : HikariPool-1 - Shutdown initiated...
22:22:51:362  INFO 4816 --- [SpringApplicationShutdownHook] com.zaxxer.hikari.HikariDataSource       : HikariPool-1 - Shutdown completed.
